sql [2025-03-01 09:38:35] [DEBUG]: Executing (default): SELECT TABLE_NAME FROM INFORMATION_SCHEMA.TABLES WHERE TABLE_TYPE = 'BASE TABLE' AND TABLE_NAME = 'UpdatePrompts' AND TABLE_SCHEMA = 'duyi_myschooldb'

sql [2025-03-01 09:38:35] [DEBUG]: Executing (default): SHOW FULL COLUMNS FROM `UpdatePrompts`;

sql [2025-03-01 09:38:35] [DEBUG]: Executing (default): SELECT CONSTRAINT_NAME as constraint_name,CONSTRAINT_NAME as constraintName,CONSTRAINT_SCHEMA as constraintSchema,CONSTRAINT_SCHEMA as constraintCatalog,TABLE_NAME as tableName,TABLE_SCHEMA as tableSchema,TABLE_SCHEMA as tableCatalog,COLUMN_NAME as columnName,REFERENCED_TABLE_SCHEMA as referencedTableSchema,REFERENCED_TABLE_SCHEMA as referencedTableCatalog,REFERENCED_TABLE_NAME as referencedTableName,REFERENCED_COLUMN_NAME as referencedColumnName FROM INFORMATION_SCHEMA.KEY_COLUMN_USAGE where TABLE_NAME = 'UpdatePrompts' AND CONSTRAINT_NAME!='PRIMARY' AND CONSTRAINT_SCHEMA='duyi_myschooldb' AND REFERENCED_TABLE_NAME IS NOT NULL;

sql [2025-03-01 09:38:35] [DEBUG]: Executing (default): ALTER TABLE `UpdatePrompts` CHANGE `name` `name` VARCHAR(255) NOT NULL;

sql [2025-03-01 09:38:35] [DEBUG]: Executing (default): ALTER TABLE `UpdatePrompts` CHANGE `updateTime` `updateTime` VARCHAR(255) NOT NULL;

sql [2025-03-01 09:38:35] [DEBUG]: Executing (default): ALTER TABLE `UpdatePrompts` CHANGE `createdAt` `createdAt` DATETIME NOT NULL;

sql [2025-03-01 09:38:35] [DEBUG]: Executing (default): ALTER TABLE `UpdatePrompts` CHANGE `updatedAt` `updatedAt` DATETIME NOT NULL;

sql [2025-03-01 09:38:35] [DEBUG]: Executing (default): SHOW INDEX FROM `UpdatePrompts`

sql [2025-03-01 09:38:35] [DEBUG]: Executing (default): SELECT TABLE_NAME FROM INFORMATION_SCHEMA.TABLES WHERE TABLE_TYPE = 'BASE TABLE' AND TABLE_NAME = 'Admins' AND TABLE_SCHEMA = 'duyi_myschooldb'

sql [2025-03-01 09:38:35] [DEBUG]: Executing (default): SHOW FULL COLUMNS FROM `Admins`;

sql [2025-03-01 09:38:35] [DEBUG]: Executing (default): SELECT CONSTRAINT_NAME as constraint_name,CONSTRAINT_NAME as constraintName,CONSTRAINT_SCHEMA as constraintSchema,CONSTRAINT_SCHEMA as constraintCatalog,TABLE_NAME as tableName,TABLE_SCHEMA as tableSchema,TABLE_SCHEMA as tableCatalog,COLUMN_NAME as columnName,REFERENCED_TABLE_SCHEMA as referencedTableSchema,REFERENCED_TABLE_SCHEMA as referencedTableCatalog,REFERENCED_TABLE_NAME as referencedTableName,REFERENCED_COLUMN_NAME as referencedColumnName FROM INFORMATION_SCHEMA.KEY_COLUMN_USAGE where TABLE_NAME = 'Admins' AND CONSTRAINT_NAME!='PRIMARY' AND CONSTRAINT_SCHEMA='duyi_myschooldb' AND REFERENCED_TABLE_NAME IS NOT NULL;

sql [2025-03-01 09:38:35] [DEBUG]: Executing (default): ALTER TABLE `Admins` CHANGE `loginId` `loginId` VARCHAR(255) NOT NULL;

sql [2025-03-01 09:38:35] [DEBUG]: Executing (default): ALTER TABLE `Admins` CHANGE `loginPwd` `loginPwd` VARCHAR(255) NOT NULL;

sql [2025-03-01 09:38:35] [DEBUG]: Executing (default): ALTER TABLE `Admins` CHANGE `name` `name` VARCHAR(255) NOT NULL;

sql [2025-03-01 09:38:35] [DEBUG]: Executing (default): ALTER TABLE `Admins` CHANGE `createdAt` `createdAt` DATETIME NOT NULL;

sql [2025-03-01 09:38:35] [DEBUG]: Executing (default): ALTER TABLE `Admins` CHANGE `updatedAt` `updatedAt` DATETIME NOT NULL;

sql [2025-03-01 09:38:35] [DEBUG]: Executing (default): ALTER TABLE `Admins` CHANGE `deletedAt` `deletedAt` DATETIME;

sql [2025-03-01 09:38:36] [DEBUG]: Executing (default): SHOW INDEX FROM `Admins`

sql [2025-03-01 09:38:36] [DEBUG]: Executing (default): SELECT TABLE_NAME FROM INFORMATION_SCHEMA.TABLES WHERE TABLE_TYPE = 'BASE TABLE' AND TABLE_NAME = 'Books' AND TABLE_SCHEMA = 'duyi_myschooldb'

sql [2025-03-01 09:38:36] [DEBUG]: Executing (default): SHOW FULL COLUMNS FROM `Books`;

sql [2025-03-01 09:38:36] [DEBUG]: Executing (default): SELECT CONSTRAINT_NAME as constraint_name,CONSTRAINT_NAME as constraintName,CONSTRAINT_SCHEMA as constraintSchema,CONSTRAINT_SCHEMA as constraintCatalog,TABLE_NAME as tableName,TABLE_SCHEMA as tableSchema,TABLE_SCHEMA as tableCatalog,COLUMN_NAME as columnName,REFERENCED_TABLE_SCHEMA as referencedTableSchema,REFERENCED_TABLE_SCHEMA as referencedTableCatalog,REFERENCED_TABLE_NAME as referencedTableName,REFERENCED_COLUMN_NAME as referencedColumnName FROM INFORMATION_SCHEMA.KEY_COLUMN_USAGE where TABLE_NAME = 'Books' AND CONSTRAINT_NAME!='PRIMARY' AND CONSTRAINT_SCHEMA='duyi_myschooldb' AND REFERENCED_TABLE_NAME IS NOT NULL;

sql [2025-03-01 09:38:36] [DEBUG]: Executing (default): ALTER TABLE `Books` CHANGE `name` `name` VARCHAR(255) NOT NULL;

sql [2025-03-01 09:38:36] [DEBUG]: Executing (default): ALTER TABLE `Books` CHANGE `imgurl` `imgurl` VARCHAR(255);

sql [2025-03-01 09:38:36] [DEBUG]: Executing (default): ALTER TABLE `Books` CHANGE `publishDate` `publishDate` DATETIME NOT NULL;

sql [2025-03-01 09:38:36] [DEBUG]: Executing (default): ALTER TABLE `Books` CHANGE `author` `author` VARCHAR(255) NOT NULL;

sql [2025-03-01 09:38:36] [DEBUG]: Executing (default): ALTER TABLE `Books` CHANGE `createdAt` `createdAt` DATETIME NOT NULL;

sql [2025-03-01 09:38:36] [DEBUG]: Executing (default): ALTER TABLE `Books` CHANGE `updatedAt` `updatedAt` DATETIME NOT NULL;

sql [2025-03-01 09:38:36] [DEBUG]: Executing (default): ALTER TABLE `Books` CHANGE `deletedAt` `deletedAt` DATETIME;

sql [2025-03-01 09:38:36] [DEBUG]: Executing (default): SHOW INDEX FROM `Books`

sql [2025-03-01 09:38:36] [DEBUG]: Executing (default): SELECT TABLE_NAME FROM INFORMATION_SCHEMA.TABLES WHERE TABLE_TYPE = 'BASE TABLE' AND TABLE_NAME = 'Classes' AND TABLE_SCHEMA = 'duyi_myschooldb'

sql [2025-03-01 09:38:36] [DEBUG]: Executing (default): SHOW FULL COLUMNS FROM `Classes`;

sql [2025-03-01 09:38:36] [DEBUG]: Executing (default): SELECT CONSTRAINT_NAME as constraint_name,CONSTRAINT_NAME as constraintName,CONSTRAINT_SCHEMA as constraintSchema,CONSTRAINT_SCHEMA as constraintCatalog,TABLE_NAME as tableName,TABLE_SCHEMA as tableSchema,TABLE_SCHEMA as tableCatalog,COLUMN_NAME as columnName,REFERENCED_TABLE_SCHEMA as referencedTableSchema,REFERENCED_TABLE_SCHEMA as referencedTableCatalog,REFERENCED_TABLE_NAME as referencedTableName,REFERENCED_COLUMN_NAME as referencedColumnName FROM INFORMATION_SCHEMA.KEY_COLUMN_USAGE where TABLE_NAME = 'Classes' AND CONSTRAINT_NAME!='PRIMARY' AND CONSTRAINT_SCHEMA='duyi_myschooldb' AND REFERENCED_TABLE_NAME IS NOT NULL;

sql [2025-03-01 09:38:36] [DEBUG]: Executing (default): ALTER TABLE `Classes` CHANGE `name` `name` VARCHAR(255) NOT NULL;

sql [2025-03-01 09:38:38] [DEBUG]: Executing (default): SELECT `id`, `name`, `updateTime`, `createdAt`, `updatedAt` FROM `UpdatePrompts` AS `UpdatePrompt` WHERE `UpdatePrompt`.`name` = 'updateApp' LIMIT 1;

sql [2025-03-01 09:38:40] [DEBUG]: Executing (default): ALTER TABLE `Classes` CHANGE `openDate` `openDate` VARCHAR(255) NOT NULL;

sql [2025-03-01 09:38:41] [DEBUG]: Executing (default): ALTER TABLE `Classes` CHANGE `createdAt` `createdAt` DATETIME NOT NULL;

sql [2025-03-01 09:38:42] [DEBUG]: Executing (default): ALTER TABLE `Classes` CHANGE `updatedAt` `updatedAt` DATETIME NOT NULL;

sql [2025-03-01 09:38:43] [DEBUG]: Executing (default): ALTER TABLE `Classes` CHANGE `deletedAt` `deletedAt` DATETIME;

sql [2025-03-01 09:38:44] [DEBUG]: Executing (default): SHOW INDEX FROM `Classes`

sql [2025-03-01 09:38:44] [DEBUG]: Executing (default): SELECT TABLE_NAME FROM INFORMATION_SCHEMA.TABLES WHERE TABLE_TYPE = 'BASE TABLE' AND TABLE_NAME = 'Students' AND TABLE_SCHEMA = 'duyi_myschooldb'

sql [2025-03-01 09:38:44] [DEBUG]: Executing (default): SHOW FULL COLUMNS FROM `Students`;

sql [2025-03-01 09:38:44] [DEBUG]: Executing (default): SELECT CONSTRAINT_NAME as constraint_name,CONSTRAINT_NAME as constraintName,CONSTRAINT_SCHEMA as constraintSchema,CONSTRAINT_SCHEMA as constraintCatalog,TABLE_NAME as tableName,TABLE_SCHEMA as tableSchema,TABLE_SCHEMA as tableCatalog,COLUMN_NAME as columnName,REFERENCED_TABLE_SCHEMA as referencedTableSchema,REFERENCED_TABLE_SCHEMA as referencedTableCatalog,REFERENCED_TABLE_NAME as referencedTableName,REFERENCED_COLUMN_NAME as referencedColumnName FROM INFORMATION_SCHEMA.KEY_COLUMN_USAGE where TABLE_NAME = 'Students' AND CONSTRAINT_NAME!='PRIMARY' AND CONSTRAINT_SCHEMA='duyi_myschooldb' AND REFERENCED_TABLE_NAME IS NOT NULL;

sql [2025-03-01 09:38:44] [DEBUG]: Executing (default): ALTER TABLE `Students` CHANGE `name` `name` VARCHAR(255) NOT NULL;

sql [2025-03-01 09:38:44] [DEBUG]: Executing (default): ALTER TABLE `Students` CHANGE `birthday` `birthday` DATETIME NOT NULL;

sql [2025-03-01 09:38:44] [DEBUG]: Executing (default): ALTER TABLE `Students` CHANGE `sex` `sex` TINYINT(1) NOT NULL;

sql [2025-03-01 09:38:44] [DEBUG]: Executing (default): ALTER TABLE `Students` CHANGE `mobile` `mobile` VARCHAR(11) NOT NULL;

sql [2025-03-01 09:38:44] [DEBUG]: Executing (default): ALTER TABLE `Students` CHANGE `createdAt` `createdAt` DATETIME NOT NULL;

sql [2025-03-01 09:38:44] [DEBUG]: Executing (default): ALTER TABLE `Students` CHANGE `updatedAt` `updatedAt` DATETIME NOT NULL;

sql [2025-03-01 09:38:45] [DEBUG]: Executing (default): ALTER TABLE `Students` CHANGE `deletedAt` `deletedAt` DATETIME;

sql [2025-03-01 09:38:45] [DEBUG]: Executing (default): ALTER TABLE `Students` ADD FOREIGN KEY (`ClassId`) REFERENCES `Classes` (`id`) ON DELETE SET NULL ON UPDATE CASCADE;

sql [2025-03-01 09:38:45] [DEBUG]: Executing (default): SHOW INDEX FROM `Students`

sql [2025-03-01 09:40:26] [DEBUG]: Executing (default): SELECT `id`, `loginId`, `loginPwd`, `name`, `createdAt`, `updatedAt`, `deletedAt` FROM `Admins` AS `Admin` WHERE (`Admin`.`deletedAt` IS NULL AND (`Admin`.`loginId` = '22222' AND `Admin`.`loginPwd` = 'e10adc3949ba59abbe56e057f20f883e')) LIMIT 1;

sql [2025-03-01 09:40:33] [DEBUG]: Executing (default): SELECT count(*) AS `count` FROM `Admins` AS `Admin` WHERE (`Admin`.`deletedAt` IS NULL);

sql [2025-03-01 09:40:33] [DEBUG]: Executing (default): SELECT `name`, `loginId` FROM `Admins` AS `Admin` WHERE (`Admin`.`deletedAt` IS NULL) LIMIT 0, 10;

sql [2025-03-01 09:43:11] [DEBUG]: Executing (default): SELECT TABLE_NAME FROM INFORMATION_SCHEMA.TABLES WHERE TABLE_TYPE = 'BASE TABLE' AND TABLE_NAME = 'UpdatePrompts' AND TABLE_SCHEMA = 'duyi_myschooldb'

sql [2025-03-01 09:43:11] [DEBUG]: Executing (default): SHOW FULL COLUMNS FROM `UpdatePrompts`;

sql [2025-03-01 09:43:11] [DEBUG]: Executing (default): SELECT CONSTRAINT_NAME as constraint_name,CONSTRAINT_NAME as constraintName,CONSTRAINT_SCHEMA as constraintSchema,CONSTRAINT_SCHEMA as constraintCatalog,TABLE_NAME as tableName,TABLE_SCHEMA as tableSchema,TABLE_SCHEMA as tableCatalog,COLUMN_NAME as columnName,REFERENCED_TABLE_SCHEMA as referencedTableSchema,REFERENCED_TABLE_SCHEMA as referencedTableCatalog,REFERENCED_TABLE_NAME as referencedTableName,REFERENCED_COLUMN_NAME as referencedColumnName FROM INFORMATION_SCHEMA.KEY_COLUMN_USAGE where TABLE_NAME = 'UpdatePrompts' AND CONSTRAINT_NAME!='PRIMARY' AND CONSTRAINT_SCHEMA='duyi_myschooldb' AND REFERENCED_TABLE_NAME IS NOT NULL;

sql [2025-03-01 09:43:11] [DEBUG]: Executing (default): ALTER TABLE `UpdatePrompts` CHANGE `name` `name` VARCHAR(255) NOT NULL;

sql [2025-03-01 09:43:11] [DEBUG]: Executing (default): ALTER TABLE `UpdatePrompts` CHANGE `updateTime` `updateTime` VARCHAR(255) NOT NULL;

sql [2025-03-01 09:43:11] [DEBUG]: Executing (default): ALTER TABLE `UpdatePrompts` CHANGE `createdAt` `createdAt` DATETIME NOT NULL;

sql [2025-03-01 09:43:11] [DEBUG]: Executing (default): ALTER TABLE `UpdatePrompts` CHANGE `updatedAt` `updatedAt` DATETIME NOT NULL;

sql [2025-03-01 09:43:11] [DEBUG]: Executing (default): SHOW INDEX FROM `UpdatePrompts`

sql [2025-03-01 09:43:11] [DEBUG]: Executing (default): SELECT TABLE_NAME FROM INFORMATION_SCHEMA.TABLES WHERE TABLE_TYPE = 'BASE TABLE' AND TABLE_NAME = 'Admins' AND TABLE_SCHEMA = 'duyi_myschooldb'

sql [2025-03-01 09:43:11] [DEBUG]: Executing (default): SHOW FULL COLUMNS FROM `Admins`;

sql [2025-03-01 09:43:11] [DEBUG]: Executing (default): SELECT CONSTRAINT_NAME as constraint_name,CONSTRAINT_NAME as constraintName,CONSTRAINT_SCHEMA as constraintSchema,CONSTRAINT_SCHEMA as constraintCatalog,TABLE_NAME as tableName,TABLE_SCHEMA as tableSchema,TABLE_SCHEMA as tableCatalog,COLUMN_NAME as columnName,REFERENCED_TABLE_SCHEMA as referencedTableSchema,REFERENCED_TABLE_SCHEMA as referencedTableCatalog,REFERENCED_TABLE_NAME as referencedTableName,REFERENCED_COLUMN_NAME as referencedColumnName FROM INFORMATION_SCHEMA.KEY_COLUMN_USAGE where TABLE_NAME = 'Admins' AND CONSTRAINT_NAME!='PRIMARY' AND CONSTRAINT_SCHEMA='duyi_myschooldb' AND REFERENCED_TABLE_NAME IS NOT NULL;

sql [2025-03-01 09:43:11] [DEBUG]: Executing (default): ALTER TABLE `Admins` CHANGE `loginId` `loginId` VARCHAR(255) NOT NULL;

sql [2025-03-01 09:43:11] [DEBUG]: Executing (default): ALTER TABLE `Admins` CHANGE `loginPwd` `loginPwd` VARCHAR(255) NOT NULL;

sql [2025-03-01 09:43:11] [DEBUG]: Executing (default): ALTER TABLE `Admins` CHANGE `name` `name` VARCHAR(255) NOT NULL;

sql [2025-03-01 09:43:11] [DEBUG]: Executing (default): ALTER TABLE `Admins` CHANGE `createdAt` `createdAt` DATETIME NOT NULL;

sql [2025-03-01 09:43:12] [DEBUG]: Executing (default): ALTER TABLE `Admins` CHANGE `updatedAt` `updatedAt` DATETIME NOT NULL;

sql [2025-03-01 09:43:12] [DEBUG]: Executing (default): ALTER TABLE `Admins` CHANGE `deletedAt` `deletedAt` DATETIME;

sql [2025-03-01 09:43:12] [DEBUG]: Executing (default): SHOW INDEX FROM `Admins`

sql [2025-03-01 09:43:12] [DEBUG]: Executing (default): SELECT TABLE_NAME FROM INFORMATION_SCHEMA.TABLES WHERE TABLE_TYPE = 'BASE TABLE' AND TABLE_NAME = 'Books' AND TABLE_SCHEMA = 'duyi_myschooldb'

sql [2025-03-01 09:43:12] [DEBUG]: Executing (default): SHOW FULL COLUMNS FROM `Books`;

sql [2025-03-01 09:43:12] [DEBUG]: Executing (default): SELECT CONSTRAINT_NAME as constraint_name,CONSTRAINT_NAME as constraintName,CONSTRAINT_SCHEMA as constraintSchema,CONSTRAINT_SCHEMA as constraintCatalog,TABLE_NAME as tableName,TABLE_SCHEMA as tableSchema,TABLE_SCHEMA as tableCatalog,COLUMN_NAME as columnName,REFERENCED_TABLE_SCHEMA as referencedTableSchema,REFERENCED_TABLE_SCHEMA as referencedTableCatalog,REFERENCED_TABLE_NAME as referencedTableName,REFERENCED_COLUMN_NAME as referencedColumnName FROM INFORMATION_SCHEMA.KEY_COLUMN_USAGE where TABLE_NAME = 'Books' AND CONSTRAINT_NAME!='PRIMARY' AND CONSTRAINT_SCHEMA='duyi_myschooldb' AND REFERENCED_TABLE_NAME IS NOT NULL;

sql [2025-03-01 09:43:12] [DEBUG]: Executing (default): ALTER TABLE `Books` CHANGE `name` `name` VARCHAR(255) NOT NULL;

sql [2025-03-01 09:43:12] [DEBUG]: Executing (default): ALTER TABLE `Books` CHANGE `imgurl` `imgurl` VARCHAR(255);

sql [2025-03-01 09:43:12] [DEBUG]: Executing (default): ALTER TABLE `Books` CHANGE `publishDate` `publishDate` DATETIME NOT NULL;

sql [2025-03-01 09:43:12] [DEBUG]: Executing (default): ALTER TABLE `Books` CHANGE `author` `author` VARCHAR(255) NOT NULL;

sql [2025-03-01 09:43:12] [DEBUG]: Executing (default): ALTER TABLE `Books` CHANGE `createdAt` `createdAt` DATETIME NOT NULL;

sql [2025-03-01 09:43:12] [DEBUG]: Executing (default): ALTER TABLE `Books` CHANGE `updatedAt` `updatedAt` DATETIME NOT NULL;

sql [2025-03-01 09:43:12] [DEBUG]: Executing (default): ALTER TABLE `Books` CHANGE `deletedAt` `deletedAt` DATETIME;

sql [2025-03-01 09:43:12] [DEBUG]: Executing (default): SHOW INDEX FROM `Books`

sql [2025-03-01 09:43:12] [DEBUG]: Executing (default): SELECT TABLE_NAME FROM INFORMATION_SCHEMA.TABLES WHERE TABLE_TYPE = 'BASE TABLE' AND TABLE_NAME = 'Classes' AND TABLE_SCHEMA = 'duyi_myschooldb'

sql [2025-03-01 09:43:12] [DEBUG]: Executing (default): SHOW FULL COLUMNS FROM `Classes`;

sql [2025-03-01 09:43:12] [DEBUG]: Executing (default): SELECT CONSTRAINT_NAME as constraint_name,CONSTRAINT_NAME as constraintName,CONSTRAINT_SCHEMA as constraintSchema,CONSTRAINT_SCHEMA as constraintCatalog,TABLE_NAME as tableName,TABLE_SCHEMA as tableSchema,TABLE_SCHEMA as tableCatalog,COLUMN_NAME as columnName,REFERENCED_TABLE_SCHEMA as referencedTableSchema,REFERENCED_TABLE_SCHEMA as referencedTableCatalog,REFERENCED_TABLE_NAME as referencedTableName,REFERENCED_COLUMN_NAME as referencedColumnName FROM INFORMATION_SCHEMA.KEY_COLUMN_USAGE where TABLE_NAME = 'Classes' AND CONSTRAINT_NAME!='PRIMARY' AND CONSTRAINT_SCHEMA='duyi_myschooldb' AND REFERENCED_TABLE_NAME IS NOT NULL;

sql [2025-03-01 09:43:12] [DEBUG]: Executing (default): ALTER TABLE `Classes` CHANGE `name` `name` VARCHAR(255) NOT NULL;

sql [2025-03-01 09:43:14] [DEBUG]: Executing (default): SELECT `id`, `name`, `updateTime`, `createdAt`, `updatedAt` FROM `UpdatePrompts` AS `UpdatePrompt` WHERE `UpdatePrompt`.`name` = 'updateApp' LIMIT 1;

sql [2025-03-01 09:43:20] [DEBUG]: Executing (default): ALTER TABLE `Classes` CHANGE `openDate` `openDate` VARCHAR(255) NOT NULL;

sql [2025-03-01 09:43:21] [DEBUG]: Executing (default): ALTER TABLE `Classes` CHANGE `createdAt` `createdAt` DATETIME NOT NULL;

sql [2025-03-01 09:43:22] [DEBUG]: Executing (default): ALTER TABLE `Classes` CHANGE `updatedAt` `updatedAt` DATETIME NOT NULL;

sql [2025-03-01 09:43:23] [DEBUG]: Executing (default): ALTER TABLE `Classes` CHANGE `deletedAt` `deletedAt` DATETIME;

sql [2025-03-01 09:43:24] [DEBUG]: Executing (default): SHOW INDEX FROM `Classes`

sql [2025-03-01 09:43:24] [DEBUG]: Executing (default): SELECT TABLE_NAME FROM INFORMATION_SCHEMA.TABLES WHERE TABLE_TYPE = 'BASE TABLE' AND TABLE_NAME = 'Students' AND TABLE_SCHEMA = 'duyi_myschooldb'

sql [2025-03-01 09:43:24] [DEBUG]: Executing (default): SHOW FULL COLUMNS FROM `Students`;

sql [2025-03-01 09:43:24] [DEBUG]: Executing (default): SELECT CONSTRAINT_NAME as constraint_name,CONSTRAINT_NAME as constraintName,CONSTRAINT_SCHEMA as constraintSchema,CONSTRAINT_SCHEMA as constraintCatalog,TABLE_NAME as tableName,TABLE_SCHEMA as tableSchema,TABLE_SCHEMA as tableCatalog,COLUMN_NAME as columnName,REFERENCED_TABLE_SCHEMA as referencedTableSchema,REFERENCED_TABLE_SCHEMA as referencedTableCatalog,REFERENCED_TABLE_NAME as referencedTableName,REFERENCED_COLUMN_NAME as referencedColumnName FROM INFORMATION_SCHEMA.KEY_COLUMN_USAGE where TABLE_NAME = 'Students' AND CONSTRAINT_NAME!='PRIMARY' AND CONSTRAINT_SCHEMA='duyi_myschooldb' AND REFERENCED_TABLE_NAME IS NOT NULL;

sql [2025-03-01 09:43:24] [DEBUG]: Executing (default): ALTER TABLE `Students` CHANGE `name` `name` VARCHAR(255) NOT NULL;

sql [2025-03-01 09:43:25] [DEBUG]: Executing (default): SELECT TABLE_NAME FROM INFORMATION_SCHEMA.TABLES WHERE TABLE_TYPE = 'BASE TABLE' AND TABLE_NAME = 'UpdatePrompts' AND TABLE_SCHEMA = 'duyi_myschooldb'

sql [2025-03-01 09:43:25] [DEBUG]: Executing (default): SHOW FULL COLUMNS FROM `UpdatePrompts`;

sql [2025-03-01 09:43:25] [DEBUG]: Executing (default): SELECT CONSTRAINT_NAME as constraint_name,CONSTRAINT_NAME as constraintName,CONSTRAINT_SCHEMA as constraintSchema,CONSTRAINT_SCHEMA as constraintCatalog,TABLE_NAME as tableName,TABLE_SCHEMA as tableSchema,TABLE_SCHEMA as tableCatalog,COLUMN_NAME as columnName,REFERENCED_TABLE_SCHEMA as referencedTableSchema,REFERENCED_TABLE_SCHEMA as referencedTableCatalog,REFERENCED_TABLE_NAME as referencedTableName,REFERENCED_COLUMN_NAME as referencedColumnName FROM INFORMATION_SCHEMA.KEY_COLUMN_USAGE where TABLE_NAME = 'UpdatePrompts' AND CONSTRAINT_NAME!='PRIMARY' AND CONSTRAINT_SCHEMA='duyi_myschooldb' AND REFERENCED_TABLE_NAME IS NOT NULL;

sql [2025-03-01 09:43:25] [DEBUG]: Executing (default): ALTER TABLE `UpdatePrompts` CHANGE `name` `name` VARCHAR(255) NOT NULL;

sql [2025-03-01 09:43:25] [DEBUG]: Executing (default): ALTER TABLE `UpdatePrompts` CHANGE `updateTime` `updateTime` VARCHAR(255) NOT NULL;

sql [2025-03-01 09:43:25] [DEBUG]: Executing (default): ALTER TABLE `UpdatePrompts` CHANGE `createdAt` `createdAt` DATETIME NOT NULL;

sql [2025-03-01 09:43:25] [DEBUG]: Executing (default): ALTER TABLE `UpdatePrompts` CHANGE `updatedAt` `updatedAt` DATETIME NOT NULL;

sql [2025-03-01 09:43:25] [DEBUG]: Executing (default): SHOW INDEX FROM `UpdatePrompts`

sql [2025-03-01 09:43:25] [DEBUG]: Executing (default): SELECT TABLE_NAME FROM INFORMATION_SCHEMA.TABLES WHERE TABLE_TYPE = 'BASE TABLE' AND TABLE_NAME = 'Admins' AND TABLE_SCHEMA = 'duyi_myschooldb'

sql [2025-03-01 09:43:25] [DEBUG]: Executing (default): SHOW FULL COLUMNS FROM `Admins`;

sql [2025-03-01 09:43:25] [DEBUG]: Executing (default): SELECT CONSTRAINT_NAME as constraint_name,CONSTRAINT_NAME as constraintName,CONSTRAINT_SCHEMA as constraintSchema,CONSTRAINT_SCHEMA as constraintCatalog,TABLE_NAME as tableName,TABLE_SCHEMA as tableSchema,TABLE_SCHEMA as tableCatalog,COLUMN_NAME as columnName,REFERENCED_TABLE_SCHEMA as referencedTableSchema,REFERENCED_TABLE_SCHEMA as referencedTableCatalog,REFERENCED_TABLE_NAME as referencedTableName,REFERENCED_COLUMN_NAME as referencedColumnName FROM INFORMATION_SCHEMA.KEY_COLUMN_USAGE where TABLE_NAME = 'Admins' AND CONSTRAINT_NAME!='PRIMARY' AND CONSTRAINT_SCHEMA='duyi_myschooldb' AND REFERENCED_TABLE_NAME IS NOT NULL;

sql [2025-03-01 09:43:25] [DEBUG]: Executing (default): ALTER TABLE `Admins` CHANGE `loginId` `loginId` VARCHAR(255) NOT NULL;

sql [2025-03-01 09:43:25] [DEBUG]: Executing (default): ALTER TABLE `Admins` CHANGE `loginPwd` `loginPwd` VARCHAR(255) NOT NULL;

sql [2025-03-01 09:43:25] [DEBUG]: Executing (default): ALTER TABLE `Admins` CHANGE `name` `name` VARCHAR(255) NOT NULL;

sql [2025-03-01 09:43:25] [DEBUG]: Executing (default): ALTER TABLE `Admins` CHANGE `createdAt` `createdAt` DATETIME NOT NULL;

sql [2025-03-01 09:43:25] [DEBUG]: Executing (default): ALTER TABLE `Admins` CHANGE `updatedAt` `updatedAt` DATETIME NOT NULL;

sql [2025-03-01 09:43:25] [DEBUG]: Executing (default): ALTER TABLE `Admins` CHANGE `deletedAt` `deletedAt` DATETIME;

sql [2025-03-01 09:43:25] [DEBUG]: Executing (default): SHOW INDEX FROM `Admins`

sql [2025-03-01 09:43:25] [DEBUG]: Executing (default): SELECT TABLE_NAME FROM INFORMATION_SCHEMA.TABLES WHERE TABLE_TYPE = 'BASE TABLE' AND TABLE_NAME = 'Books' AND TABLE_SCHEMA = 'duyi_myschooldb'

sql [2025-03-01 09:43:25] [DEBUG]: Executing (default): SHOW FULL COLUMNS FROM `Books`;

sql [2025-03-01 09:43:25] [DEBUG]: Executing (default): SELECT CONSTRAINT_NAME as constraint_name,CONSTRAINT_NAME as constraintName,CONSTRAINT_SCHEMA as constraintSchema,CONSTRAINT_SCHEMA as constraintCatalog,TABLE_NAME as tableName,TABLE_SCHEMA as tableSchema,TABLE_SCHEMA as tableCatalog,COLUMN_NAME as columnName,REFERENCED_TABLE_SCHEMA as referencedTableSchema,REFERENCED_TABLE_SCHEMA as referencedTableCatalog,REFERENCED_TABLE_NAME as referencedTableName,REFERENCED_COLUMN_NAME as referencedColumnName FROM INFORMATION_SCHEMA.KEY_COLUMN_USAGE where TABLE_NAME = 'Books' AND CONSTRAINT_NAME!='PRIMARY' AND CONSTRAINT_SCHEMA='duyi_myschooldb' AND REFERENCED_TABLE_NAME IS NOT NULL;

sql [2025-03-01 09:43:25] [DEBUG]: Executing (default): ALTER TABLE `Books` CHANGE `name` `name` VARCHAR(255) NOT NULL;

sql [2025-03-01 09:43:25] [DEBUG]: Executing (default): ALTER TABLE `Books` CHANGE `imgurl` `imgurl` VARCHAR(255);

sql [2025-03-01 09:43:25] [DEBUG]: Executing (default): ALTER TABLE `Books` CHANGE `publishDate` `publishDate` DATETIME NOT NULL;

sql [2025-03-01 09:43:25] [DEBUG]: Executing (default): ALTER TABLE `Books` CHANGE `author` `author` VARCHAR(255) NOT NULL;

sql [2025-03-01 09:43:25] [DEBUG]: Executing (default): ALTER TABLE `Books` CHANGE `createdAt` `createdAt` DATETIME NOT NULL;

sql [2025-03-01 09:43:25] [DEBUG]: Executing (default): ALTER TABLE `Books` CHANGE `updatedAt` `updatedAt` DATETIME NOT NULL;

sql [2025-03-01 09:43:25] [DEBUG]: Executing (default): ALTER TABLE `Books` CHANGE `deletedAt` `deletedAt` DATETIME;

sql [2025-03-01 09:43:25] [DEBUG]: Executing (default): SHOW INDEX FROM `Books`

sql [2025-03-01 09:43:25] [DEBUG]: Executing (default): SELECT TABLE_NAME FROM INFORMATION_SCHEMA.TABLES WHERE TABLE_TYPE = 'BASE TABLE' AND TABLE_NAME = 'Classes' AND TABLE_SCHEMA = 'duyi_myschooldb'

sql [2025-03-01 09:43:25] [DEBUG]: Executing (default): SHOW FULL COLUMNS FROM `Classes`;

sql [2025-03-01 09:43:25] [DEBUG]: Executing (default): SELECT CONSTRAINT_NAME as constraint_name,CONSTRAINT_NAME as constraintName,CONSTRAINT_SCHEMA as constraintSchema,CONSTRAINT_SCHEMA as constraintCatalog,TABLE_NAME as tableName,TABLE_SCHEMA as tableSchema,TABLE_SCHEMA as tableCatalog,COLUMN_NAME as columnName,REFERENCED_TABLE_SCHEMA as referencedTableSchema,REFERENCED_TABLE_SCHEMA as referencedTableCatalog,REFERENCED_TABLE_NAME as referencedTableName,REFERENCED_COLUMN_NAME as referencedColumnName FROM INFORMATION_SCHEMA.KEY_COLUMN_USAGE where TABLE_NAME = 'Classes' AND CONSTRAINT_NAME!='PRIMARY' AND CONSTRAINT_SCHEMA='duyi_myschooldb' AND REFERENCED_TABLE_NAME IS NOT NULL;

sql [2025-03-01 09:43:25] [DEBUG]: Executing (default): ALTER TABLE `Classes` CHANGE `name` `name` VARCHAR(255) NOT NULL;

sql [2025-03-01 09:43:27] [DEBUG]: Executing (default): SELECT `id`, `name`, `updateTime`, `createdAt`, `updatedAt` FROM `UpdatePrompts` AS `UpdatePrompt` WHERE `UpdatePrompt`.`name` = 'updateApp' LIMIT 1;

sql [2025-03-01 09:43:29] [DEBUG]: Executing (default): ALTER TABLE `Classes` CHANGE `openDate` `openDate` VARCHAR(255) NOT NULL;

sql [2025-03-01 09:43:29] [DEBUG]: Executing (default): ALTER TABLE `Classes` CHANGE `createdAt` `createdAt` DATETIME NOT NULL;

sql [2025-03-01 09:43:30] [DEBUG]: Executing (default): ALTER TABLE `Classes` CHANGE `updatedAt` `updatedAt` DATETIME NOT NULL;

sql [2025-03-01 09:43:31] [DEBUG]: Executing (default): ALTER TABLE `Classes` CHANGE `deletedAt` `deletedAt` DATETIME;

sql [2025-03-01 09:43:32] [DEBUG]: Executing (default): SHOW INDEX FROM `Classes`

sql [2025-03-01 09:43:32] [DEBUG]: Executing (default): SELECT TABLE_NAME FROM INFORMATION_SCHEMA.TABLES WHERE TABLE_TYPE = 'BASE TABLE' AND TABLE_NAME = 'Students' AND TABLE_SCHEMA = 'duyi_myschooldb'

sql [2025-03-01 09:43:32] [DEBUG]: Executing (default): SHOW FULL COLUMNS FROM `Students`;

sql [2025-03-01 09:43:32] [DEBUG]: Executing (default): SELECT CONSTRAINT_NAME as constraint_name,CONSTRAINT_NAME as constraintName,CONSTRAINT_SCHEMA as constraintSchema,CONSTRAINT_SCHEMA as constraintCatalog,TABLE_NAME as tableName,TABLE_SCHEMA as tableSchema,TABLE_SCHEMA as tableCatalog,COLUMN_NAME as columnName,REFERENCED_TABLE_SCHEMA as referencedTableSchema,REFERENCED_TABLE_SCHEMA as referencedTableCatalog,REFERENCED_TABLE_NAME as referencedTableName,REFERENCED_COLUMN_NAME as referencedColumnName FROM INFORMATION_SCHEMA.KEY_COLUMN_USAGE where TABLE_NAME = 'Students' AND CONSTRAINT_NAME!='PRIMARY' AND CONSTRAINT_SCHEMA='duyi_myschooldb' AND REFERENCED_TABLE_NAME IS NOT NULL;

sql [2025-03-01 09:43:32] [DEBUG]: Executing (default): ALTER TABLE `Students` CHANGE `name` `name` VARCHAR(255) NOT NULL;

sql [2025-03-01 09:43:33] [DEBUG]: Executing (default): ALTER TABLE `Students` CHANGE `birthday` `birthday` DATETIME NOT NULL;

sql [2025-03-01 09:43:33] [DEBUG]: Executing (default): ALTER TABLE `Students` CHANGE `sex` `sex` TINYINT(1) NOT NULL;

sql [2025-03-01 09:43:33] [DEBUG]: Executing (default): ALTER TABLE `Students` CHANGE `mobile` `mobile` VARCHAR(11) NOT NULL;

sql [2025-03-01 09:43:33] [DEBUG]: Executing (default): ALTER TABLE `Students` CHANGE `createdAt` `createdAt` DATETIME NOT NULL;

sql [2025-03-01 09:43:33] [DEBUG]: Executing (default): ALTER TABLE `Students` CHANGE `updatedAt` `updatedAt` DATETIME NOT NULL;

sql [2025-03-01 09:43:33] [DEBUG]: Executing (default): ALTER TABLE `Students` CHANGE `deletedAt` `deletedAt` DATETIME;

sql [2025-03-01 09:43:33] [DEBUG]: Executing (default): ALTER TABLE `Students` ADD FOREIGN KEY (`ClassId`) REFERENCES `Classes` (`id`) ON DELETE SET NULL ON UPDATE CASCADE;

sql [2025-03-01 09:43:33] [DEBUG]: Executing (default): SHOW INDEX FROM `Students`

sql [2025-03-01 09:45:13] [DEBUG]: Executing (default): SELECT TABLE_NAME FROM INFORMATION_SCHEMA.TABLES WHERE TABLE_TYPE = 'BASE TABLE' AND TABLE_NAME = 'UpdatePrompts' AND TABLE_SCHEMA = 'duyi_myschooldb'

sql [2025-03-01 09:45:13] [DEBUG]: Executing (default): SHOW FULL COLUMNS FROM `UpdatePrompts`;

sql [2025-03-01 09:45:13] [DEBUG]: Executing (default): SELECT CONSTRAINT_NAME as constraint_name,CONSTRAINT_NAME as constraintName,CONSTRAINT_SCHEMA as constraintSchema,CONSTRAINT_SCHEMA as constraintCatalog,TABLE_NAME as tableName,TABLE_SCHEMA as tableSchema,TABLE_SCHEMA as tableCatalog,COLUMN_NAME as columnName,REFERENCED_TABLE_SCHEMA as referencedTableSchema,REFERENCED_TABLE_SCHEMA as referencedTableCatalog,REFERENCED_TABLE_NAME as referencedTableName,REFERENCED_COLUMN_NAME as referencedColumnName FROM INFORMATION_SCHEMA.KEY_COLUMN_USAGE where TABLE_NAME = 'UpdatePrompts' AND CONSTRAINT_NAME!='PRIMARY' AND CONSTRAINT_SCHEMA='duyi_myschooldb' AND REFERENCED_TABLE_NAME IS NOT NULL;

sql [2025-03-01 09:45:13] [DEBUG]: Executing (default): ALTER TABLE `UpdatePrompts` CHANGE `name` `name` VARCHAR(255) NOT NULL;

sql [2025-03-01 09:45:13] [DEBUG]: Executing (default): ALTER TABLE `UpdatePrompts` CHANGE `updateTime` `updateTime` VARCHAR(255) NOT NULL;

sql [2025-03-01 09:45:13] [DEBUG]: Executing (default): ALTER TABLE `UpdatePrompts` CHANGE `createdAt` `createdAt` DATETIME NOT NULL;

sql [2025-03-01 09:45:13] [DEBUG]: Executing (default): ALTER TABLE `UpdatePrompts` CHANGE `updatedAt` `updatedAt` DATETIME NOT NULL;

sql [2025-03-01 09:45:13] [DEBUG]: Executing (default): SHOW INDEX FROM `UpdatePrompts`

sql [2025-03-01 09:45:13] [DEBUG]: Executing (default): SELECT TABLE_NAME FROM INFORMATION_SCHEMA.TABLES WHERE TABLE_TYPE = 'BASE TABLE' AND TABLE_NAME = 'Admins' AND TABLE_SCHEMA = 'duyi_myschooldb'

sql [2025-03-01 09:45:13] [DEBUG]: Executing (default): SHOW FULL COLUMNS FROM `Admins`;

sql [2025-03-01 09:45:13] [DEBUG]: Executing (default): SELECT CONSTRAINT_NAME as constraint_name,CONSTRAINT_NAME as constraintName,CONSTRAINT_SCHEMA as constraintSchema,CONSTRAINT_SCHEMA as constraintCatalog,TABLE_NAME as tableName,TABLE_SCHEMA as tableSchema,TABLE_SCHEMA as tableCatalog,COLUMN_NAME as columnName,REFERENCED_TABLE_SCHEMA as referencedTableSchema,REFERENCED_TABLE_SCHEMA as referencedTableCatalog,REFERENCED_TABLE_NAME as referencedTableName,REFERENCED_COLUMN_NAME as referencedColumnName FROM INFORMATION_SCHEMA.KEY_COLUMN_USAGE where TABLE_NAME = 'Admins' AND CONSTRAINT_NAME!='PRIMARY' AND CONSTRAINT_SCHEMA='duyi_myschooldb' AND REFERENCED_TABLE_NAME IS NOT NULL;

sql [2025-03-01 09:45:13] [DEBUG]: Executing (default): ALTER TABLE `Admins` CHANGE `loginId` `loginId` VARCHAR(255) NOT NULL;

sql [2025-03-01 09:45:13] [DEBUG]: Executing (default): ALTER TABLE `Admins` CHANGE `loginPwd` `loginPwd` VARCHAR(255) NOT NULL;

sql [2025-03-01 09:45:13] [DEBUG]: Executing (default): ALTER TABLE `Admins` CHANGE `name` `name` VARCHAR(255) NOT NULL;

sql [2025-03-01 09:45:13] [DEBUG]: Executing (default): ALTER TABLE `Admins` CHANGE `createdAt` `createdAt` DATETIME NOT NULL;

sql [2025-03-01 09:45:13] [DEBUG]: Executing (default): ALTER TABLE `Admins` CHANGE `updatedAt` `updatedAt` DATETIME NOT NULL;

sql [2025-03-01 09:45:13] [DEBUG]: Executing (default): ALTER TABLE `Admins` CHANGE `deletedAt` `deletedAt` DATETIME;

sql [2025-03-01 09:45:13] [DEBUG]: Executing (default): SHOW INDEX FROM `Admins`

sql [2025-03-01 09:45:13] [DEBUG]: Executing (default): SELECT TABLE_NAME FROM INFORMATION_SCHEMA.TABLES WHERE TABLE_TYPE = 'BASE TABLE' AND TABLE_NAME = 'Books' AND TABLE_SCHEMA = 'duyi_myschooldb'

sql [2025-03-01 09:45:13] [DEBUG]: Executing (default): SHOW FULL COLUMNS FROM `Books`;

sql [2025-03-01 09:45:13] [DEBUG]: Executing (default): SELECT CONSTRAINT_NAME as constraint_name,CONSTRAINT_NAME as constraintName,CONSTRAINT_SCHEMA as constraintSchema,CONSTRAINT_SCHEMA as constraintCatalog,TABLE_NAME as tableName,TABLE_SCHEMA as tableSchema,TABLE_SCHEMA as tableCatalog,COLUMN_NAME as columnName,REFERENCED_TABLE_SCHEMA as referencedTableSchema,REFERENCED_TABLE_SCHEMA as referencedTableCatalog,REFERENCED_TABLE_NAME as referencedTableName,REFERENCED_COLUMN_NAME as referencedColumnName FROM INFORMATION_SCHEMA.KEY_COLUMN_USAGE where TABLE_NAME = 'Books' AND CONSTRAINT_NAME!='PRIMARY' AND CONSTRAINT_SCHEMA='duyi_myschooldb' AND REFERENCED_TABLE_NAME IS NOT NULL;

sql [2025-03-01 09:45:13] [DEBUG]: Executing (default): ALTER TABLE `Books` CHANGE `name` `name` VARCHAR(255) NOT NULL;

sql [2025-03-01 09:45:13] [DEBUG]: Executing (default): ALTER TABLE `Books` CHANGE `imgurl` `imgurl` VARCHAR(255);

sql [2025-03-01 09:45:13] [DEBUG]: Executing (default): ALTER TABLE `Books` CHANGE `publishDate` `publishDate` DATETIME NOT NULL;

sql [2025-03-01 09:45:13] [DEBUG]: Executing (default): ALTER TABLE `Books` CHANGE `author` `author` VARCHAR(255) NOT NULL;

sql [2025-03-01 09:45:13] [DEBUG]: Executing (default): ALTER TABLE `Books` CHANGE `createdAt` `createdAt` DATETIME NOT NULL;

sql [2025-03-01 09:45:13] [DEBUG]: Executing (default): ALTER TABLE `Books` CHANGE `updatedAt` `updatedAt` DATETIME NOT NULL;

sql [2025-03-01 09:45:13] [DEBUG]: Executing (default): ALTER TABLE `Books` CHANGE `deletedAt` `deletedAt` DATETIME;

sql [2025-03-01 09:45:13] [DEBUG]: Executing (default): SHOW INDEX FROM `Books`

sql [2025-03-01 09:45:13] [DEBUG]: Executing (default): SELECT TABLE_NAME FROM INFORMATION_SCHEMA.TABLES WHERE TABLE_TYPE = 'BASE TABLE' AND TABLE_NAME = 'Classes' AND TABLE_SCHEMA = 'duyi_myschooldb'

sql [2025-03-01 09:45:13] [DEBUG]: Executing (default): SHOW FULL COLUMNS FROM `Classes`;

sql [2025-03-01 09:45:13] [DEBUG]: Executing (default): SELECT CONSTRAINT_NAME as constraint_name,CONSTRAINT_NAME as constraintName,CONSTRAINT_SCHEMA as constraintSchema,CONSTRAINT_SCHEMA as constraintCatalog,TABLE_NAME as tableName,TABLE_SCHEMA as tableSchema,TABLE_SCHEMA as tableCatalog,COLUMN_NAME as columnName,REFERENCED_TABLE_SCHEMA as referencedTableSchema,REFERENCED_TABLE_SCHEMA as referencedTableCatalog,REFERENCED_TABLE_NAME as referencedTableName,REFERENCED_COLUMN_NAME as referencedColumnName FROM INFORMATION_SCHEMA.KEY_COLUMN_USAGE where TABLE_NAME = 'Classes' AND CONSTRAINT_NAME!='PRIMARY' AND CONSTRAINT_SCHEMA='duyi_myschooldb' AND REFERENCED_TABLE_NAME IS NOT NULL;

sql [2025-03-01 09:45:13] [DEBUG]: Executing (default): ALTER TABLE `Classes` CHANGE `name` `name` VARCHAR(255) NOT NULL;

sql [2025-03-01 09:45:14] [DEBUG]: Executing (default): ALTER TABLE `Classes` CHANGE `openDate` `openDate` VARCHAR(255) NOT NULL;

sql [2025-03-01 09:45:15] [DEBUG]: Executing (default): ALTER TABLE `Classes` CHANGE `createdAt` `createdAt` DATETIME NOT NULL;

sql [2025-03-01 09:45:16] [DEBUG]: Executing (default): SELECT `id`, `name`, `updateTime`, `createdAt`, `updatedAt` FROM `UpdatePrompts` AS `UpdatePrompt` WHERE `UpdatePrompt`.`name` = 'updateApp' LIMIT 1;

sql [2025-03-01 09:45:16] [DEBUG]: Executing (default): ALTER TABLE `Classes` CHANGE `updatedAt` `updatedAt` DATETIME NOT NULL;

sql [2025-03-01 09:45:17] [DEBUG]: Executing (default): ALTER TABLE `Classes` CHANGE `deletedAt` `deletedAt` DATETIME;

sql [2025-03-01 09:45:18] [DEBUG]: Executing (default): SHOW INDEX FROM `Classes`

sql [2025-03-01 09:45:18] [DEBUG]: Executing (default): SELECT TABLE_NAME FROM INFORMATION_SCHEMA.TABLES WHERE TABLE_TYPE = 'BASE TABLE' AND TABLE_NAME = 'Students' AND TABLE_SCHEMA = 'duyi_myschooldb'

sql [2025-03-01 09:45:18] [DEBUG]: Executing (default): SHOW FULL COLUMNS FROM `Students`;

sql [2025-03-01 09:45:18] [DEBUG]: Executing (default): SELECT CONSTRAINT_NAME as constraint_name,CONSTRAINT_NAME as constraintName,CONSTRAINT_SCHEMA as constraintSchema,CONSTRAINT_SCHEMA as constraintCatalog,TABLE_NAME as tableName,TABLE_SCHEMA as tableSchema,TABLE_SCHEMA as tableCatalog,COLUMN_NAME as columnName,REFERENCED_TABLE_SCHEMA as referencedTableSchema,REFERENCED_TABLE_SCHEMA as referencedTableCatalog,REFERENCED_TABLE_NAME as referencedTableName,REFERENCED_COLUMN_NAME as referencedColumnName FROM INFORMATION_SCHEMA.KEY_COLUMN_USAGE where TABLE_NAME = 'Students' AND CONSTRAINT_NAME!='PRIMARY' AND CONSTRAINT_SCHEMA='duyi_myschooldb' AND REFERENCED_TABLE_NAME IS NOT NULL;

sql [2025-03-01 09:45:18] [DEBUG]: Executing (default): ALTER TABLE `Students` CHANGE `name` `name` VARCHAR(255) NOT NULL;

sql [2025-03-01 09:45:18] [DEBUG]: Executing (default): ALTER TABLE `Students` CHANGE `birthday` `birthday` DATETIME NOT NULL;

sql [2025-03-01 09:45:18] [DEBUG]: Executing (default): ALTER TABLE `Students` CHANGE `sex` `sex` TINYINT(1) NOT NULL;

sql [2025-03-01 09:45:18] [DEBUG]: Executing (default): ALTER TABLE `Students` CHANGE `mobile` `mobile` VARCHAR(11) NOT NULL;

sql [2025-03-01 09:45:19] [DEBUG]: Executing (default): ALTER TABLE `Students` CHANGE `createdAt` `createdAt` DATETIME NOT NULL;

sql [2025-03-01 09:45:19] [DEBUG]: Executing (default): ALTER TABLE `Students` CHANGE `updatedAt` `updatedAt` DATETIME NOT NULL;

sql [2025-03-01 09:45:19] [DEBUG]: Executing (default): ALTER TABLE `Students` CHANGE `deletedAt` `deletedAt` DATETIME;

sql [2025-03-01 09:45:19] [DEBUG]: Executing (default): ALTER TABLE `Students` ADD FOREIGN KEY (`ClassId`) REFERENCES `Classes` (`id`) ON DELETE SET NULL ON UPDATE CASCADE;

sql [2025-03-01 09:45:19] [DEBUG]: Executing (default): SHOW INDEX FROM `Students`

sql [2025-03-01 09:45:25] [DEBUG]: Executing (default): SELECT TABLE_NAME FROM INFORMATION_SCHEMA.TABLES WHERE TABLE_TYPE = 'BASE TABLE' AND TABLE_NAME = 'UpdatePrompts' AND TABLE_SCHEMA = 'duyi_myschooldb'

sql [2025-03-01 09:45:25] [DEBUG]: Executing (default): SHOW FULL COLUMNS FROM `UpdatePrompts`;

sql [2025-03-01 09:45:25] [DEBUG]: Executing (default): SELECT CONSTRAINT_NAME as constraint_name,CONSTRAINT_NAME as constraintName,CONSTRAINT_SCHEMA as constraintSchema,CONSTRAINT_SCHEMA as constraintCatalog,TABLE_NAME as tableName,TABLE_SCHEMA as tableSchema,TABLE_SCHEMA as tableCatalog,COLUMN_NAME as columnName,REFERENCED_TABLE_SCHEMA as referencedTableSchema,REFERENCED_TABLE_SCHEMA as referencedTableCatalog,REFERENCED_TABLE_NAME as referencedTableName,REFERENCED_COLUMN_NAME as referencedColumnName FROM INFORMATION_SCHEMA.KEY_COLUMN_USAGE where TABLE_NAME = 'UpdatePrompts' AND CONSTRAINT_NAME!='PRIMARY' AND CONSTRAINT_SCHEMA='duyi_myschooldb' AND REFERENCED_TABLE_NAME IS NOT NULL;

sql [2025-03-01 09:45:25] [DEBUG]: Executing (default): ALTER TABLE `UpdatePrompts` CHANGE `name` `name` VARCHAR(255) NOT NULL;

sql [2025-03-01 09:45:25] [DEBUG]: Executing (default): ALTER TABLE `UpdatePrompts` CHANGE `updateTime` `updateTime` VARCHAR(255) NOT NULL;

sql [2025-03-01 09:45:25] [DEBUG]: Executing (default): ALTER TABLE `UpdatePrompts` CHANGE `createdAt` `createdAt` DATETIME NOT NULL;

sql [2025-03-01 09:45:25] [DEBUG]: Executing (default): ALTER TABLE `UpdatePrompts` CHANGE `updatedAt` `updatedAt` DATETIME NOT NULL;

sql [2025-03-01 09:45:25] [DEBUG]: Executing (default): SHOW INDEX FROM `UpdatePrompts`

sql [2025-03-01 09:45:25] [DEBUG]: Executing (default): SELECT TABLE_NAME FROM INFORMATION_SCHEMA.TABLES WHERE TABLE_TYPE = 'BASE TABLE' AND TABLE_NAME = 'Admins' AND TABLE_SCHEMA = 'duyi_myschooldb'

sql [2025-03-01 09:45:25] [DEBUG]: Executing (default): SHOW FULL COLUMNS FROM `Admins`;

sql [2025-03-01 09:45:25] [DEBUG]: Executing (default): SELECT CONSTRAINT_NAME as constraint_name,CONSTRAINT_NAME as constraintName,CONSTRAINT_SCHEMA as constraintSchema,CONSTRAINT_SCHEMA as constraintCatalog,TABLE_NAME as tableName,TABLE_SCHEMA as tableSchema,TABLE_SCHEMA as tableCatalog,COLUMN_NAME as columnName,REFERENCED_TABLE_SCHEMA as referencedTableSchema,REFERENCED_TABLE_SCHEMA as referencedTableCatalog,REFERENCED_TABLE_NAME as referencedTableName,REFERENCED_COLUMN_NAME as referencedColumnName FROM INFORMATION_SCHEMA.KEY_COLUMN_USAGE where TABLE_NAME = 'Admins' AND CONSTRAINT_NAME!='PRIMARY' AND CONSTRAINT_SCHEMA='duyi_myschooldb' AND REFERENCED_TABLE_NAME IS NOT NULL;

sql [2025-03-01 09:45:25] [DEBUG]: Executing (default): ALTER TABLE `Admins` CHANGE `loginId` `loginId` VARCHAR(255) NOT NULL;

sql [2025-03-01 09:45:25] [DEBUG]: Executing (default): ALTER TABLE `Admins` CHANGE `loginPwd` `loginPwd` VARCHAR(255) NOT NULL;

sql [2025-03-01 09:45:25] [DEBUG]: Executing (default): ALTER TABLE `Admins` CHANGE `name` `name` VARCHAR(255) NOT NULL;

sql [2025-03-01 09:45:25] [DEBUG]: Executing (default): ALTER TABLE `Admins` CHANGE `createdAt` `createdAt` DATETIME NOT NULL;

sql [2025-03-01 09:45:26] [DEBUG]: Executing (default): ALTER TABLE `Admins` CHANGE `updatedAt` `updatedAt` DATETIME NOT NULL;

sql [2025-03-01 09:45:26] [DEBUG]: Executing (default): ALTER TABLE `Admins` CHANGE `deletedAt` `deletedAt` DATETIME;

sql [2025-03-01 09:45:26] [DEBUG]: Executing (default): SHOW INDEX FROM `Admins`

sql [2025-03-01 09:45:26] [DEBUG]: Executing (default): SELECT TABLE_NAME FROM INFORMATION_SCHEMA.TABLES WHERE TABLE_TYPE = 'BASE TABLE' AND TABLE_NAME = 'Books' AND TABLE_SCHEMA = 'duyi_myschooldb'

sql [2025-03-01 09:45:26] [DEBUG]: Executing (default): SHOW FULL COLUMNS FROM `Books`;

sql [2025-03-01 09:45:26] [DEBUG]: Executing (default): SELECT CONSTRAINT_NAME as constraint_name,CONSTRAINT_NAME as constraintName,CONSTRAINT_SCHEMA as constraintSchema,CONSTRAINT_SCHEMA as constraintCatalog,TABLE_NAME as tableName,TABLE_SCHEMA as tableSchema,TABLE_SCHEMA as tableCatalog,COLUMN_NAME as columnName,REFERENCED_TABLE_SCHEMA as referencedTableSchema,REFERENCED_TABLE_SCHEMA as referencedTableCatalog,REFERENCED_TABLE_NAME as referencedTableName,REFERENCED_COLUMN_NAME as referencedColumnName FROM INFORMATION_SCHEMA.KEY_COLUMN_USAGE where TABLE_NAME = 'Books' AND CONSTRAINT_NAME!='PRIMARY' AND CONSTRAINT_SCHEMA='duyi_myschooldb' AND REFERENCED_TABLE_NAME IS NOT NULL;

sql [2025-03-01 09:45:26] [DEBUG]: Executing (default): ALTER TABLE `Books` CHANGE `name` `name` VARCHAR(255) NOT NULL;

sql [2025-03-01 09:45:26] [DEBUG]: Executing (default): ALTER TABLE `Books` CHANGE `imgurl` `imgurl` VARCHAR(255);

sql [2025-03-01 09:45:26] [DEBUG]: Executing (default): ALTER TABLE `Books` CHANGE `publishDate` `publishDate` DATETIME NOT NULL;

sql [2025-03-01 09:45:26] [DEBUG]: Executing (default): ALTER TABLE `Books` CHANGE `author` `author` VARCHAR(255) NOT NULL;

sql [2025-03-01 09:45:26] [DEBUG]: Executing (default): ALTER TABLE `Books` CHANGE `createdAt` `createdAt` DATETIME NOT NULL;

sql [2025-03-01 09:45:26] [DEBUG]: Executing (default): ALTER TABLE `Books` CHANGE `updatedAt` `updatedAt` DATETIME NOT NULL;

sql [2025-03-01 09:45:26] [DEBUG]: Executing (default): ALTER TABLE `Books` CHANGE `deletedAt` `deletedAt` DATETIME;

sql [2025-03-01 09:45:26] [DEBUG]: Executing (default): SHOW INDEX FROM `Books`

sql [2025-03-01 09:45:26] [DEBUG]: Executing (default): SELECT TABLE_NAME FROM INFORMATION_SCHEMA.TABLES WHERE TABLE_TYPE = 'BASE TABLE' AND TABLE_NAME = 'Classes' AND TABLE_SCHEMA = 'duyi_myschooldb'

sql [2025-03-01 09:45:26] [DEBUG]: Executing (default): SHOW FULL COLUMNS FROM `Classes`;

sql [2025-03-01 09:45:26] [DEBUG]: Executing (default): SELECT CONSTRAINT_NAME as constraint_name,CONSTRAINT_NAME as constraintName,CONSTRAINT_SCHEMA as constraintSchema,CONSTRAINT_SCHEMA as constraintCatalog,TABLE_NAME as tableName,TABLE_SCHEMA as tableSchema,TABLE_SCHEMA as tableCatalog,COLUMN_NAME as columnName,REFERENCED_TABLE_SCHEMA as referencedTableSchema,REFERENCED_TABLE_SCHEMA as referencedTableCatalog,REFERENCED_TABLE_NAME as referencedTableName,REFERENCED_COLUMN_NAME as referencedColumnName FROM INFORMATION_SCHEMA.KEY_COLUMN_USAGE where TABLE_NAME = 'Classes' AND CONSTRAINT_NAME!='PRIMARY' AND CONSTRAINT_SCHEMA='duyi_myschooldb' AND REFERENCED_TABLE_NAME IS NOT NULL;

sql [2025-03-01 09:45:26] [DEBUG]: Executing (default): ALTER TABLE `Classes` CHANGE `name` `name` VARCHAR(255) NOT NULL;

sql [2025-03-01 09:45:27] [DEBUG]: Executing (default): ALTER TABLE `Classes` CHANGE `openDate` `openDate` VARCHAR(255) NOT NULL;

sql [2025-03-01 09:45:28] [DEBUG]: Executing (default): ALTER TABLE `Classes` CHANGE `createdAt` `createdAt` DATETIME NOT NULL;

sql [2025-03-01 09:45:28] [DEBUG]: Executing (default): SELECT `id`, `name`, `updateTime`, `createdAt`, `updatedAt` FROM `UpdatePrompts` AS `UpdatePrompt` WHERE `UpdatePrompt`.`name` = 'updateApp' LIMIT 1;

sql [2025-03-01 09:45:28] [DEBUG]: Executing (default): ALTER TABLE `Classes` CHANGE `updatedAt` `updatedAt` DATETIME NOT NULL;

sql [2025-03-01 09:45:29] [DEBUG]: Executing (default): ALTER TABLE `Classes` CHANGE `deletedAt` `deletedAt` DATETIME;

sql [2025-03-01 09:45:30] [DEBUG]: Executing (default): SHOW INDEX FROM `Classes`

sql [2025-03-01 09:45:30] [DEBUG]: Executing (default): SELECT TABLE_NAME FROM INFORMATION_SCHEMA.TABLES WHERE TABLE_TYPE = 'BASE TABLE' AND TABLE_NAME = 'Students' AND TABLE_SCHEMA = 'duyi_myschooldb'

sql [2025-03-01 09:45:30] [DEBUG]: Executing (default): SHOW FULL COLUMNS FROM `Students`;

sql [2025-03-01 09:45:30] [DEBUG]: Executing (default): SELECT CONSTRAINT_NAME as constraint_name,CONSTRAINT_NAME as constraintName,CONSTRAINT_SCHEMA as constraintSchema,CONSTRAINT_SCHEMA as constraintCatalog,TABLE_NAME as tableName,TABLE_SCHEMA as tableSchema,TABLE_SCHEMA as tableCatalog,COLUMN_NAME as columnName,REFERENCED_TABLE_SCHEMA as referencedTableSchema,REFERENCED_TABLE_SCHEMA as referencedTableCatalog,REFERENCED_TABLE_NAME as referencedTableName,REFERENCED_COLUMN_NAME as referencedColumnName FROM INFORMATION_SCHEMA.KEY_COLUMN_USAGE where TABLE_NAME = 'Students' AND CONSTRAINT_NAME!='PRIMARY' AND CONSTRAINT_SCHEMA='duyi_myschooldb' AND REFERENCED_TABLE_NAME IS NOT NULL;

sql [2025-03-01 09:45:30] [DEBUG]: Executing (default): ALTER TABLE `Students` CHANGE `name` `name` VARCHAR(255) NOT NULL;

sql [2025-03-01 09:45:30] [DEBUG]: Executing (default): ALTER TABLE `Students` CHANGE `birthday` `birthday` DATETIME NOT NULL;

sql [2025-03-01 09:45:31] [DEBUG]: Executing (default): ALTER TABLE `Students` CHANGE `sex` `sex` TINYINT(1) NOT NULL;

sql [2025-03-01 09:45:31] [DEBUG]: Executing (default): ALTER TABLE `Students` CHANGE `mobile` `mobile` VARCHAR(11) NOT NULL;

sql [2025-03-01 09:45:31] [DEBUG]: Executing (default): ALTER TABLE `Students` CHANGE `createdAt` `createdAt` DATETIME NOT NULL;

sql [2025-03-01 09:45:31] [DEBUG]: Executing (default): ALTER TABLE `Students` CHANGE `updatedAt` `updatedAt` DATETIME NOT NULL;

sql [2025-03-01 09:45:31] [DEBUG]: Executing (default): ALTER TABLE `Students` CHANGE `deletedAt` `deletedAt` DATETIME;

sql [2025-03-01 09:45:31] [DEBUG]: Executing (default): ALTER TABLE `Students` ADD FOREIGN KEY (`ClassId`) REFERENCES `Classes` (`id`) ON DELETE SET NULL ON UPDATE CASCADE;

sql [2025-03-01 09:45:31] [DEBUG]: Executing (default): SHOW INDEX FROM `Students`

sql [2025-03-01 09:46:27] [DEBUG]: Executing (default): SELECT TABLE_NAME FROM INFORMATION_SCHEMA.TABLES WHERE TABLE_TYPE = 'BASE TABLE' AND TABLE_NAME = 'UpdatePrompts' AND TABLE_SCHEMA = 'duyi_myschooldb'

sql [2025-03-01 09:46:27] [DEBUG]: Executing (default): SHOW FULL COLUMNS FROM `UpdatePrompts`;

sql [2025-03-01 09:46:27] [DEBUG]: Executing (default): SELECT CONSTRAINT_NAME as constraint_name,CONSTRAINT_NAME as constraintName,CONSTRAINT_SCHEMA as constraintSchema,CONSTRAINT_SCHEMA as constraintCatalog,TABLE_NAME as tableName,TABLE_SCHEMA as tableSchema,TABLE_SCHEMA as tableCatalog,COLUMN_NAME as columnName,REFERENCED_TABLE_SCHEMA as referencedTableSchema,REFERENCED_TABLE_SCHEMA as referencedTableCatalog,REFERENCED_TABLE_NAME as referencedTableName,REFERENCED_COLUMN_NAME as referencedColumnName FROM INFORMATION_SCHEMA.KEY_COLUMN_USAGE where TABLE_NAME = 'UpdatePrompts' AND CONSTRAINT_NAME!='PRIMARY' AND CONSTRAINT_SCHEMA='duyi_myschooldb' AND REFERENCED_TABLE_NAME IS NOT NULL;

sql [2025-03-01 09:46:27] [DEBUG]: Executing (default): ALTER TABLE `UpdatePrompts` CHANGE `name` `name` VARCHAR(255) NOT NULL;

sql [2025-03-01 09:46:27] [DEBUG]: Executing (default): ALTER TABLE `UpdatePrompts` CHANGE `updateTime` `updateTime` VARCHAR(255) NOT NULL;

sql [2025-03-01 09:46:27] [DEBUG]: Executing (default): ALTER TABLE `UpdatePrompts` CHANGE `createdAt` `createdAt` DATETIME NOT NULL;

sql [2025-03-01 09:46:27] [DEBUG]: Executing (default): ALTER TABLE `UpdatePrompts` CHANGE `updatedAt` `updatedAt` DATETIME NOT NULL;

sql [2025-03-01 09:46:27] [DEBUG]: Executing (default): SHOW INDEX FROM `UpdatePrompts`

sql [2025-03-01 09:46:27] [DEBUG]: Executing (default): SELECT TABLE_NAME FROM INFORMATION_SCHEMA.TABLES WHERE TABLE_TYPE = 'BASE TABLE' AND TABLE_NAME = 'Admins' AND TABLE_SCHEMA = 'duyi_myschooldb'

sql [2025-03-01 09:46:27] [DEBUG]: Executing (default): SHOW FULL COLUMNS FROM `Admins`;

sql [2025-03-01 09:46:27] [DEBUG]: Executing (default): SELECT CONSTRAINT_NAME as constraint_name,CONSTRAINT_NAME as constraintName,CONSTRAINT_SCHEMA as constraintSchema,CONSTRAINT_SCHEMA as constraintCatalog,TABLE_NAME as tableName,TABLE_SCHEMA as tableSchema,TABLE_SCHEMA as tableCatalog,COLUMN_NAME as columnName,REFERENCED_TABLE_SCHEMA as referencedTableSchema,REFERENCED_TABLE_SCHEMA as referencedTableCatalog,REFERENCED_TABLE_NAME as referencedTableName,REFERENCED_COLUMN_NAME as referencedColumnName FROM INFORMATION_SCHEMA.KEY_COLUMN_USAGE where TABLE_NAME = 'Admins' AND CONSTRAINT_NAME!='PRIMARY' AND CONSTRAINT_SCHEMA='duyi_myschooldb' AND REFERENCED_TABLE_NAME IS NOT NULL;

sql [2025-03-01 09:46:27] [DEBUG]: Executing (default): ALTER TABLE `Admins` CHANGE `loginId` `loginId` VARCHAR(255) NOT NULL;

sql [2025-03-01 09:46:27] [DEBUG]: Executing (default): ALTER TABLE `Admins` CHANGE `loginPwd` `loginPwd` VARCHAR(255) NOT NULL;

sql [2025-03-01 09:46:27] [DEBUG]: Executing (default): ALTER TABLE `Admins` CHANGE `name` `name` VARCHAR(255) NOT NULL;

sql [2025-03-01 09:46:27] [DEBUG]: Executing (default): ALTER TABLE `Admins` CHANGE `createdAt` `createdAt` DATETIME NOT NULL;

sql [2025-03-01 09:46:27] [DEBUG]: Executing (default): ALTER TABLE `Admins` CHANGE `updatedAt` `updatedAt` DATETIME NOT NULL;

sql [2025-03-01 09:46:27] [DEBUG]: Executing (default): ALTER TABLE `Admins` CHANGE `deletedAt` `deletedAt` DATETIME;

sql [2025-03-01 09:46:27] [DEBUG]: Executing (default): SHOW INDEX FROM `Admins`

sql [2025-03-01 09:46:27] [DEBUG]: Executing (default): SELECT TABLE_NAME FROM INFORMATION_SCHEMA.TABLES WHERE TABLE_TYPE = 'BASE TABLE' AND TABLE_NAME = 'Books' AND TABLE_SCHEMA = 'duyi_myschooldb'

sql [2025-03-01 09:46:27] [DEBUG]: Executing (default): SHOW FULL COLUMNS FROM `Books`;

sql [2025-03-01 09:46:27] [DEBUG]: Executing (default): SELECT CONSTRAINT_NAME as constraint_name,CONSTRAINT_NAME as constraintName,CONSTRAINT_SCHEMA as constraintSchema,CONSTRAINT_SCHEMA as constraintCatalog,TABLE_NAME as tableName,TABLE_SCHEMA as tableSchema,TABLE_SCHEMA as tableCatalog,COLUMN_NAME as columnName,REFERENCED_TABLE_SCHEMA as referencedTableSchema,REFERENCED_TABLE_SCHEMA as referencedTableCatalog,REFERENCED_TABLE_NAME as referencedTableName,REFERENCED_COLUMN_NAME as referencedColumnName FROM INFORMATION_SCHEMA.KEY_COLUMN_USAGE where TABLE_NAME = 'Books' AND CONSTRAINT_NAME!='PRIMARY' AND CONSTRAINT_SCHEMA='duyi_myschooldb' AND REFERENCED_TABLE_NAME IS NOT NULL;

sql [2025-03-01 09:46:27] [DEBUG]: Executing (default): ALTER TABLE `Books` CHANGE `name` `name` VARCHAR(255) NOT NULL;

sql [2025-03-01 09:46:27] [DEBUG]: Executing (default): ALTER TABLE `Books` CHANGE `imgurl` `imgurl` VARCHAR(255);

sql [2025-03-01 09:46:27] [DEBUG]: Executing (default): ALTER TABLE `Books` CHANGE `publishDate` `publishDate` DATETIME NOT NULL;

sql [2025-03-01 09:46:27] [DEBUG]: Executing (default): ALTER TABLE `Books` CHANGE `author` `author` VARCHAR(255) NOT NULL;

sql [2025-03-01 09:46:27] [DEBUG]: Executing (default): ALTER TABLE `Books` CHANGE `createdAt` `createdAt` DATETIME NOT NULL;

sql [2025-03-01 09:46:27] [DEBUG]: Executing (default): ALTER TABLE `Books` CHANGE `updatedAt` `updatedAt` DATETIME NOT NULL;

sql [2025-03-01 09:46:27] [DEBUG]: Executing (default): ALTER TABLE `Books` CHANGE `deletedAt` `deletedAt` DATETIME;

sql [2025-03-01 09:46:27] [DEBUG]: Executing (default): SHOW INDEX FROM `Books`

sql [2025-03-01 09:46:27] [DEBUG]: Executing (default): SELECT TABLE_NAME FROM INFORMATION_SCHEMA.TABLES WHERE TABLE_TYPE = 'BASE TABLE' AND TABLE_NAME = 'Classes' AND TABLE_SCHEMA = 'duyi_myschooldb'

sql [2025-03-01 09:46:27] [DEBUG]: Executing (default): SHOW FULL COLUMNS FROM `Classes`;

sql [2025-03-01 09:46:27] [DEBUG]: Executing (default): SELECT CONSTRAINT_NAME as constraint_name,CONSTRAINT_NAME as constraintName,CONSTRAINT_SCHEMA as constraintSchema,CONSTRAINT_SCHEMA as constraintCatalog,TABLE_NAME as tableName,TABLE_SCHEMA as tableSchema,TABLE_SCHEMA as tableCatalog,COLUMN_NAME as columnName,REFERENCED_TABLE_SCHEMA as referencedTableSchema,REFERENCED_TABLE_SCHEMA as referencedTableCatalog,REFERENCED_TABLE_NAME as referencedTableName,REFERENCED_COLUMN_NAME as referencedColumnName FROM INFORMATION_SCHEMA.KEY_COLUMN_USAGE where TABLE_NAME = 'Classes' AND CONSTRAINT_NAME!='PRIMARY' AND CONSTRAINT_SCHEMA='duyi_myschooldb' AND REFERENCED_TABLE_NAME IS NOT NULL;

sql [2025-03-01 09:46:27] [DEBUG]: Executing (default): ALTER TABLE `Classes` CHANGE `name` `name` VARCHAR(255) NOT NULL;

sql [2025-03-01 09:46:29] [DEBUG]: Executing (default): ALTER TABLE `Classes` CHANGE `openDate` `openDate` VARCHAR(255) NOT NULL;

sql [2025-03-01 09:46:29] [DEBUG]: Executing (default): ALTER TABLE `Classes` CHANGE `createdAt` `createdAt` DATETIME NOT NULL;

sql [2025-03-01 09:46:30] [DEBUG]: Executing (default): SELECT `id`, `name`, `updateTime`, `createdAt`, `updatedAt` FROM `UpdatePrompts` AS `UpdatePrompt` WHERE `UpdatePrompt`.`name` = 'updateApp' LIMIT 1;

sql [2025-03-01 09:47:27] [DEBUG]: Executing (default): SELECT TABLE_NAME FROM INFORMATION_SCHEMA.TABLES WHERE TABLE_TYPE = 'BASE TABLE' AND TABLE_NAME = 'UpdatePrompts' AND TABLE_SCHEMA = 'duyi_myschooldb'

sql [2025-03-01 09:47:27] [DEBUG]: Executing (default): SHOW FULL COLUMNS FROM `UpdatePrompts`;

sql [2025-03-01 09:47:27] [DEBUG]: Executing (default): SELECT CONSTRAINT_NAME as constraint_name,CONSTRAINT_NAME as constraintName,CONSTRAINT_SCHEMA as constraintSchema,CONSTRAINT_SCHEMA as constraintCatalog,TABLE_NAME as tableName,TABLE_SCHEMA as tableSchema,TABLE_SCHEMA as tableCatalog,COLUMN_NAME as columnName,REFERENCED_TABLE_SCHEMA as referencedTableSchema,REFERENCED_TABLE_SCHEMA as referencedTableCatalog,REFERENCED_TABLE_NAME as referencedTableName,REFERENCED_COLUMN_NAME as referencedColumnName FROM INFORMATION_SCHEMA.KEY_COLUMN_USAGE where TABLE_NAME = 'UpdatePrompts' AND CONSTRAINT_NAME!='PRIMARY' AND CONSTRAINT_SCHEMA='duyi_myschooldb' AND REFERENCED_TABLE_NAME IS NOT NULL;

sql [2025-03-01 09:47:27] [DEBUG]: Executing (default): ALTER TABLE `UpdatePrompts` CHANGE `name` `name` VARCHAR(255) NOT NULL;

sql [2025-03-01 09:47:27] [DEBUG]: Executing (default): ALTER TABLE `UpdatePrompts` CHANGE `updateTime` `updateTime` VARCHAR(255) NOT NULL;

sql [2025-03-01 09:47:27] [DEBUG]: Executing (default): ALTER TABLE `UpdatePrompts` CHANGE `createdAt` `createdAt` DATETIME NOT NULL;

sql [2025-03-01 09:47:27] [DEBUG]: Executing (default): ALTER TABLE `UpdatePrompts` CHANGE `updatedAt` `updatedAt` DATETIME NOT NULL;

sql [2025-03-01 09:47:27] [DEBUG]: Executing (default): SHOW INDEX FROM `UpdatePrompts`

sql [2025-03-01 09:47:27] [DEBUG]: Executing (default): SELECT TABLE_NAME FROM INFORMATION_SCHEMA.TABLES WHERE TABLE_TYPE = 'BASE TABLE' AND TABLE_NAME = 'Admins' AND TABLE_SCHEMA = 'duyi_myschooldb'

sql [2025-03-01 09:47:27] [DEBUG]: Executing (default): SHOW FULL COLUMNS FROM `Admins`;

sql [2025-03-01 09:47:27] [DEBUG]: Executing (default): SELECT CONSTRAINT_NAME as constraint_name,CONSTRAINT_NAME as constraintName,CONSTRAINT_SCHEMA as constraintSchema,CONSTRAINT_SCHEMA as constraintCatalog,TABLE_NAME as tableName,TABLE_SCHEMA as tableSchema,TABLE_SCHEMA as tableCatalog,COLUMN_NAME as columnName,REFERENCED_TABLE_SCHEMA as referencedTableSchema,REFERENCED_TABLE_SCHEMA as referencedTableCatalog,REFERENCED_TABLE_NAME as referencedTableName,REFERENCED_COLUMN_NAME as referencedColumnName FROM INFORMATION_SCHEMA.KEY_COLUMN_USAGE where TABLE_NAME = 'Admins' AND CONSTRAINT_NAME!='PRIMARY' AND CONSTRAINT_SCHEMA='duyi_myschooldb' AND REFERENCED_TABLE_NAME IS NOT NULL;

sql [2025-03-01 09:47:27] [DEBUG]: Executing (default): ALTER TABLE `Admins` CHANGE `loginId` `loginId` VARCHAR(255) NOT NULL;

sql [2025-03-01 09:47:27] [DEBUG]: Executing (default): ALTER TABLE `Admins` CHANGE `loginPwd` `loginPwd` VARCHAR(255) NOT NULL;

sql [2025-03-01 09:47:27] [DEBUG]: Executing (default): ALTER TABLE `Admins` CHANGE `name` `name` VARCHAR(255) NOT NULL;

sql [2025-03-01 09:47:27] [DEBUG]: Executing (default): ALTER TABLE `Admins` CHANGE `createdAt` `createdAt` DATETIME NOT NULL;

sql [2025-03-01 09:47:27] [DEBUG]: Executing (default): ALTER TABLE `Admins` CHANGE `updatedAt` `updatedAt` DATETIME NOT NULL;

sql [2025-03-01 09:47:27] [DEBUG]: Executing (default): ALTER TABLE `Admins` CHANGE `deletedAt` `deletedAt` DATETIME;

sql [2025-03-01 09:47:27] [DEBUG]: Executing (default): SHOW INDEX FROM `Admins`

sql [2025-03-01 09:47:27] [DEBUG]: Executing (default): SELECT TABLE_NAME FROM INFORMATION_SCHEMA.TABLES WHERE TABLE_TYPE = 'BASE TABLE' AND TABLE_NAME = 'Books' AND TABLE_SCHEMA = 'duyi_myschooldb'

sql [2025-03-01 09:47:27] [DEBUG]: Executing (default): SHOW FULL COLUMNS FROM `Books`;

sql [2025-03-01 09:47:27] [DEBUG]: Executing (default): SELECT CONSTRAINT_NAME as constraint_name,CONSTRAINT_NAME as constraintName,CONSTRAINT_SCHEMA as constraintSchema,CONSTRAINT_SCHEMA as constraintCatalog,TABLE_NAME as tableName,TABLE_SCHEMA as tableSchema,TABLE_SCHEMA as tableCatalog,COLUMN_NAME as columnName,REFERENCED_TABLE_SCHEMA as referencedTableSchema,REFERENCED_TABLE_SCHEMA as referencedTableCatalog,REFERENCED_TABLE_NAME as referencedTableName,REFERENCED_COLUMN_NAME as referencedColumnName FROM INFORMATION_SCHEMA.KEY_COLUMN_USAGE where TABLE_NAME = 'Books' AND CONSTRAINT_NAME!='PRIMARY' AND CONSTRAINT_SCHEMA='duyi_myschooldb' AND REFERENCED_TABLE_NAME IS NOT NULL;

sql [2025-03-01 09:47:27] [DEBUG]: Executing (default): ALTER TABLE `Books` CHANGE `name` `name` VARCHAR(255) NOT NULL;

sql [2025-03-01 09:47:27] [DEBUG]: Executing (default): ALTER TABLE `Books` CHANGE `imgurl` `imgurl` VARCHAR(255);

sql [2025-03-01 09:47:27] [DEBUG]: Executing (default): ALTER TABLE `Books` CHANGE `publishDate` `publishDate` DATETIME NOT NULL;

sql [2025-03-01 09:47:27] [DEBUG]: Executing (default): ALTER TABLE `Books` CHANGE `author` `author` VARCHAR(255) NOT NULL;

sql [2025-03-01 09:47:27] [DEBUG]: Executing (default): ALTER TABLE `Books` CHANGE `createdAt` `createdAt` DATETIME NOT NULL;

sql [2025-03-01 09:47:27] [DEBUG]: Executing (default): ALTER TABLE `Books` CHANGE `updatedAt` `updatedAt` DATETIME NOT NULL;

sql [2025-03-01 09:47:27] [DEBUG]: Executing (default): ALTER TABLE `Books` CHANGE `deletedAt` `deletedAt` DATETIME;

sql [2025-03-01 09:47:27] [DEBUG]: Executing (default): SHOW INDEX FROM `Books`

sql [2025-03-01 09:47:27] [DEBUG]: Executing (default): SELECT TABLE_NAME FROM INFORMATION_SCHEMA.TABLES WHERE TABLE_TYPE = 'BASE TABLE' AND TABLE_NAME = 'Classes' AND TABLE_SCHEMA = 'duyi_myschooldb'

sql [2025-03-01 09:47:27] [DEBUG]: Executing (default): SHOW FULL COLUMNS FROM `Classes`;

sql [2025-03-01 09:47:27] [DEBUG]: Executing (default): SELECT CONSTRAINT_NAME as constraint_name,CONSTRAINT_NAME as constraintName,CONSTRAINT_SCHEMA as constraintSchema,CONSTRAINT_SCHEMA as constraintCatalog,TABLE_NAME as tableName,TABLE_SCHEMA as tableSchema,TABLE_SCHEMA as tableCatalog,COLUMN_NAME as columnName,REFERENCED_TABLE_SCHEMA as referencedTableSchema,REFERENCED_TABLE_SCHEMA as referencedTableCatalog,REFERENCED_TABLE_NAME as referencedTableName,REFERENCED_COLUMN_NAME as referencedColumnName FROM INFORMATION_SCHEMA.KEY_COLUMN_USAGE where TABLE_NAME = 'Classes' AND CONSTRAINT_NAME!='PRIMARY' AND CONSTRAINT_SCHEMA='duyi_myschooldb' AND REFERENCED_TABLE_NAME IS NOT NULL;

sql [2025-03-01 09:47:27] [DEBUG]: Executing (default): ALTER TABLE `Classes` CHANGE `name` `name` VARCHAR(255) NOT NULL;

sql [2025-03-01 09:47:28] [DEBUG]: Executing (default): ALTER TABLE `Classes` CHANGE `openDate` `openDate` VARCHAR(255) NOT NULL;

sql [2025-03-01 09:47:29] [DEBUG]: Executing (default): ALTER TABLE `Classes` CHANGE `createdAt` `createdAt` DATETIME NOT NULL;

sql [2025-03-01 09:47:30] [DEBUG]: Executing (default): SELECT `id`, `name`, `updateTime`, `createdAt`, `updatedAt` FROM `UpdatePrompts` AS `UpdatePrompt` WHERE `UpdatePrompt`.`name` = 'updateApp' LIMIT 1;

sql [2025-03-01 09:47:30] [DEBUG]: Executing (default): ALTER TABLE `Classes` CHANGE `updatedAt` `updatedAt` DATETIME NOT NULL;

sql [2025-03-01 09:47:31] [DEBUG]: Executing (default): ALTER TABLE `Classes` CHANGE `deletedAt` `deletedAt` DATETIME;

sql [2025-03-01 09:47:32] [DEBUG]: Executing (default): SHOW INDEX FROM `Classes`

sql [2025-03-01 09:47:32] [DEBUG]: Executing (default): SELECT TABLE_NAME FROM INFORMATION_SCHEMA.TABLES WHERE TABLE_TYPE = 'BASE TABLE' AND TABLE_NAME = 'Students' AND TABLE_SCHEMA = 'duyi_myschooldb'

sql [2025-03-01 09:47:32] [DEBUG]: Executing (default): SHOW FULL COLUMNS FROM `Students`;

sql [2025-03-01 09:47:32] [DEBUG]: Executing (default): SELECT CONSTRAINT_NAME as constraint_name,CONSTRAINT_NAME as constraintName,CONSTRAINT_SCHEMA as constraintSchema,CONSTRAINT_SCHEMA as constraintCatalog,TABLE_NAME as tableName,TABLE_SCHEMA as tableSchema,TABLE_SCHEMA as tableCatalog,COLUMN_NAME as columnName,REFERENCED_TABLE_SCHEMA as referencedTableSchema,REFERENCED_TABLE_SCHEMA as referencedTableCatalog,REFERENCED_TABLE_NAME as referencedTableName,REFERENCED_COLUMN_NAME as referencedColumnName FROM INFORMATION_SCHEMA.KEY_COLUMN_USAGE where TABLE_NAME = 'Students' AND CONSTRAINT_NAME!='PRIMARY' AND CONSTRAINT_SCHEMA='duyi_myschooldb' AND REFERENCED_TABLE_NAME IS NOT NULL;

sql [2025-03-01 09:47:32] [DEBUG]: Executing (default): ALTER TABLE `Students` CHANGE `name` `name` VARCHAR(255) NOT NULL;

sql [2025-03-01 09:47:32] [DEBUG]: Executing (default): ALTER TABLE `Students` CHANGE `birthday` `birthday` DATETIME NOT NULL;

sql [2025-03-01 09:47:32] [DEBUG]: Executing (default): ALTER TABLE `Students` CHANGE `sex` `sex` TINYINT(1) NOT NULL;

sql [2025-03-01 09:47:32] [DEBUG]: Executing (default): ALTER TABLE `Students` CHANGE `mobile` `mobile` VARCHAR(11) NOT NULL;

sql [2025-03-01 09:47:32] [DEBUG]: Executing (default): ALTER TABLE `Students` CHANGE `createdAt` `createdAt` DATETIME NOT NULL;

sql [2025-03-01 09:47:32] [DEBUG]: Executing (default): ALTER TABLE `Students` CHANGE `updatedAt` `updatedAt` DATETIME NOT NULL;

sql [2025-03-01 09:47:32] [DEBUG]: Executing (default): ALTER TABLE `Students` CHANGE `deletedAt` `deletedAt` DATETIME;

sql [2025-03-01 09:47:33] [DEBUG]: Executing (default): ALTER TABLE `Students` ADD FOREIGN KEY (`ClassId`) REFERENCES `Classes` (`id`) ON DELETE SET NULL ON UPDATE CASCADE;

sql [2025-03-01 09:47:33] [DEBUG]: Executing (default): SHOW INDEX FROM `Students`

sql [2025-03-01 09:48:02] [DEBUG]: Executing (default): SELECT TABLE_NAME FROM INFORMATION_SCHEMA.TABLES WHERE TABLE_TYPE = 'BASE TABLE' AND TABLE_NAME = 'UpdatePrompts' AND TABLE_SCHEMA = 'duyi_myschooldb'

sql [2025-03-01 09:48:02] [DEBUG]: Executing (default): SHOW FULL COLUMNS FROM `UpdatePrompts`;

sql [2025-03-01 09:48:02] [DEBUG]: Executing (default): SELECT CONSTRAINT_NAME as constraint_name,CONSTRAINT_NAME as constraintName,CONSTRAINT_SCHEMA as constraintSchema,CONSTRAINT_SCHEMA as constraintCatalog,TABLE_NAME as tableName,TABLE_SCHEMA as tableSchema,TABLE_SCHEMA as tableCatalog,COLUMN_NAME as columnName,REFERENCED_TABLE_SCHEMA as referencedTableSchema,REFERENCED_TABLE_SCHEMA as referencedTableCatalog,REFERENCED_TABLE_NAME as referencedTableName,REFERENCED_COLUMN_NAME as referencedColumnName FROM INFORMATION_SCHEMA.KEY_COLUMN_USAGE where TABLE_NAME = 'UpdatePrompts' AND CONSTRAINT_NAME!='PRIMARY' AND CONSTRAINT_SCHEMA='duyi_myschooldb' AND REFERENCED_TABLE_NAME IS NOT NULL;

sql [2025-03-01 09:48:02] [DEBUG]: Executing (default): ALTER TABLE `UpdatePrompts` CHANGE `name` `name` VARCHAR(255) NOT NULL;

sql [2025-03-01 09:48:02] [DEBUG]: Executing (default): ALTER TABLE `UpdatePrompts` CHANGE `updateTime` `updateTime` VARCHAR(255) NOT NULL;

sql [2025-03-01 09:48:02] [DEBUG]: Executing (default): ALTER TABLE `UpdatePrompts` CHANGE `createdAt` `createdAt` DATETIME NOT NULL;

sql [2025-03-01 09:48:02] [DEBUG]: Executing (default): ALTER TABLE `UpdatePrompts` CHANGE `updatedAt` `updatedAt` DATETIME NOT NULL;

sql [2025-03-01 09:48:02] [DEBUG]: Executing (default): SHOW INDEX FROM `UpdatePrompts`

sql [2025-03-01 09:48:02] [DEBUG]: Executing (default): SELECT TABLE_NAME FROM INFORMATION_SCHEMA.TABLES WHERE TABLE_TYPE = 'BASE TABLE' AND TABLE_NAME = 'Admins' AND TABLE_SCHEMA = 'duyi_myschooldb'

sql [2025-03-01 09:48:02] [DEBUG]: Executing (default): SHOW FULL COLUMNS FROM `Admins`;

sql [2025-03-01 09:48:02] [DEBUG]: Executing (default): SELECT CONSTRAINT_NAME as constraint_name,CONSTRAINT_NAME as constraintName,CONSTRAINT_SCHEMA as constraintSchema,CONSTRAINT_SCHEMA as constraintCatalog,TABLE_NAME as tableName,TABLE_SCHEMA as tableSchema,TABLE_SCHEMA as tableCatalog,COLUMN_NAME as columnName,REFERENCED_TABLE_SCHEMA as referencedTableSchema,REFERENCED_TABLE_SCHEMA as referencedTableCatalog,REFERENCED_TABLE_NAME as referencedTableName,REFERENCED_COLUMN_NAME as referencedColumnName FROM INFORMATION_SCHEMA.KEY_COLUMN_USAGE where TABLE_NAME = 'Admins' AND CONSTRAINT_NAME!='PRIMARY' AND CONSTRAINT_SCHEMA='duyi_myschooldb' AND REFERENCED_TABLE_NAME IS NOT NULL;

sql [2025-03-01 09:48:02] [DEBUG]: Executing (default): ALTER TABLE `Admins` CHANGE `loginId` `loginId` VARCHAR(255) NOT NULL;

sql [2025-03-01 09:48:02] [DEBUG]: Executing (default): ALTER TABLE `Admins` CHANGE `loginPwd` `loginPwd` VARCHAR(255) NOT NULL;

sql [2025-03-01 09:48:02] [DEBUG]: Executing (default): ALTER TABLE `Admins` CHANGE `name` `name` VARCHAR(255) NOT NULL;

sql [2025-03-01 09:48:02] [DEBUG]: Executing (default): ALTER TABLE `Admins` CHANGE `createdAt` `createdAt` DATETIME NOT NULL;

sql [2025-03-01 09:48:02] [DEBUG]: Executing (default): ALTER TABLE `Admins` CHANGE `updatedAt` `updatedAt` DATETIME NOT NULL;

sql [2025-03-01 09:48:02] [DEBUG]: Executing (default): ALTER TABLE `Admins` CHANGE `deletedAt` `deletedAt` DATETIME;

sql [2025-03-01 09:48:02] [DEBUG]: Executing (default): SHOW INDEX FROM `Admins`

sql [2025-03-01 09:48:02] [DEBUG]: Executing (default): SELECT TABLE_NAME FROM INFORMATION_SCHEMA.TABLES WHERE TABLE_TYPE = 'BASE TABLE' AND TABLE_NAME = 'Books' AND TABLE_SCHEMA = 'duyi_myschooldb'

sql [2025-03-01 09:48:02] [DEBUG]: Executing (default): SHOW FULL COLUMNS FROM `Books`;

sql [2025-03-01 09:48:02] [DEBUG]: Executing (default): SELECT CONSTRAINT_NAME as constraint_name,CONSTRAINT_NAME as constraintName,CONSTRAINT_SCHEMA as constraintSchema,CONSTRAINT_SCHEMA as constraintCatalog,TABLE_NAME as tableName,TABLE_SCHEMA as tableSchema,TABLE_SCHEMA as tableCatalog,COLUMN_NAME as columnName,REFERENCED_TABLE_SCHEMA as referencedTableSchema,REFERENCED_TABLE_SCHEMA as referencedTableCatalog,REFERENCED_TABLE_NAME as referencedTableName,REFERENCED_COLUMN_NAME as referencedColumnName FROM INFORMATION_SCHEMA.KEY_COLUMN_USAGE where TABLE_NAME = 'Books' AND CONSTRAINT_NAME!='PRIMARY' AND CONSTRAINT_SCHEMA='duyi_myschooldb' AND REFERENCED_TABLE_NAME IS NOT NULL;

sql [2025-03-01 09:48:02] [DEBUG]: Executing (default): ALTER TABLE `Books` CHANGE `name` `name` VARCHAR(255) NOT NULL;

sql [2025-03-01 09:48:02] [DEBUG]: Executing (default): ALTER TABLE `Books` CHANGE `imgurl` `imgurl` VARCHAR(255);

sql [2025-03-01 09:48:02] [DEBUG]: Executing (default): ALTER TABLE `Books` CHANGE `publishDate` `publishDate` DATETIME NOT NULL;

sql [2025-03-01 09:48:02] [DEBUG]: Executing (default): ALTER TABLE `Books` CHANGE `author` `author` VARCHAR(255) NOT NULL;

sql [2025-03-01 09:48:02] [DEBUG]: Executing (default): ALTER TABLE `Books` CHANGE `createdAt` `createdAt` DATETIME NOT NULL;

sql [2025-03-01 09:48:02] [DEBUG]: Executing (default): ALTER TABLE `Books` CHANGE `updatedAt` `updatedAt` DATETIME NOT NULL;

sql [2025-03-01 09:48:02] [DEBUG]: Executing (default): ALTER TABLE `Books` CHANGE `deletedAt` `deletedAt` DATETIME;

sql [2025-03-01 09:48:02] [DEBUG]: Executing (default): SHOW INDEX FROM `Books`

sql [2025-03-01 09:48:02] [DEBUG]: Executing (default): SELECT TABLE_NAME FROM INFORMATION_SCHEMA.TABLES WHERE TABLE_TYPE = 'BASE TABLE' AND TABLE_NAME = 'Classes' AND TABLE_SCHEMA = 'duyi_myschooldb'

sql [2025-03-01 09:48:02] [DEBUG]: Executing (default): SHOW FULL COLUMNS FROM `Classes`;

sql [2025-03-01 09:48:02] [DEBUG]: Executing (default): SELECT CONSTRAINT_NAME as constraint_name,CONSTRAINT_NAME as constraintName,CONSTRAINT_SCHEMA as constraintSchema,CONSTRAINT_SCHEMA as constraintCatalog,TABLE_NAME as tableName,TABLE_SCHEMA as tableSchema,TABLE_SCHEMA as tableCatalog,COLUMN_NAME as columnName,REFERENCED_TABLE_SCHEMA as referencedTableSchema,REFERENCED_TABLE_SCHEMA as referencedTableCatalog,REFERENCED_TABLE_NAME as referencedTableName,REFERENCED_COLUMN_NAME as referencedColumnName FROM INFORMATION_SCHEMA.KEY_COLUMN_USAGE where TABLE_NAME = 'Classes' AND CONSTRAINT_NAME!='PRIMARY' AND CONSTRAINT_SCHEMA='duyi_myschooldb' AND REFERENCED_TABLE_NAME IS NOT NULL;

sql [2025-03-01 09:48:02] [DEBUG]: Executing (default): ALTER TABLE `Classes` CHANGE `name` `name` VARCHAR(255) NOT NULL;

sql [2025-03-01 09:48:03] [DEBUG]: Executing (default): ALTER TABLE `Classes` CHANGE `openDate` `openDate` VARCHAR(255) NOT NULL;

sql [2025-03-01 09:48:04] [DEBUG]: Executing (default): ALTER TABLE `Classes` CHANGE `createdAt` `createdAt` DATETIME NOT NULL;

sql [2025-03-01 09:48:04] [DEBUG]: Executing (default): SELECT `id`, `name`, `updateTime`, `createdAt`, `updatedAt` FROM `UpdatePrompts` AS `UpdatePrompt` WHERE `UpdatePrompt`.`name` = 'updateApp' LIMIT 1;

sql [2025-03-01 09:48:05] [DEBUG]: Executing (default): ALTER TABLE `Classes` CHANGE `updatedAt` `updatedAt` DATETIME NOT NULL;

sql [2025-03-01 09:48:06] [DEBUG]: Executing (default): ALTER TABLE `Classes` CHANGE `deletedAt` `deletedAt` DATETIME;

sql [2025-03-01 09:48:07] [DEBUG]: Executing (default): SHOW INDEX FROM `Classes`

sql [2025-03-01 09:48:07] [DEBUG]: Executing (default): SELECT TABLE_NAME FROM INFORMATION_SCHEMA.TABLES WHERE TABLE_TYPE = 'BASE TABLE' AND TABLE_NAME = 'Students' AND TABLE_SCHEMA = 'duyi_myschooldb'

sql [2025-03-01 09:48:07] [DEBUG]: Executing (default): SHOW FULL COLUMNS FROM `Students`;

sql [2025-03-01 09:48:07] [DEBUG]: Executing (default): SELECT CONSTRAINT_NAME as constraint_name,CONSTRAINT_NAME as constraintName,CONSTRAINT_SCHEMA as constraintSchema,CONSTRAINT_SCHEMA as constraintCatalog,TABLE_NAME as tableName,TABLE_SCHEMA as tableSchema,TABLE_SCHEMA as tableCatalog,COLUMN_NAME as columnName,REFERENCED_TABLE_SCHEMA as referencedTableSchema,REFERENCED_TABLE_SCHEMA as referencedTableCatalog,REFERENCED_TABLE_NAME as referencedTableName,REFERENCED_COLUMN_NAME as referencedColumnName FROM INFORMATION_SCHEMA.KEY_COLUMN_USAGE where TABLE_NAME = 'Students' AND CONSTRAINT_NAME!='PRIMARY' AND CONSTRAINT_SCHEMA='duyi_myschooldb' AND REFERENCED_TABLE_NAME IS NOT NULL;

sql [2025-03-01 09:48:07] [DEBUG]: Executing (default): ALTER TABLE `Students` CHANGE `name` `name` VARCHAR(255) NOT NULL;

sql [2025-03-01 09:48:07] [DEBUG]: Executing (default): ALTER TABLE `Students` CHANGE `birthday` `birthday` DATETIME NOT NULL;

sql [2025-03-01 09:48:07] [DEBUG]: Executing (default): ALTER TABLE `Students` CHANGE `sex` `sex` TINYINT(1) NOT NULL;

sql [2025-03-01 09:48:07] [DEBUG]: Executing (default): ALTER TABLE `Students` CHANGE `mobile` `mobile` VARCHAR(11) NOT NULL;

sql [2025-03-01 09:48:07] [DEBUG]: Executing (default): ALTER TABLE `Students` CHANGE `createdAt` `createdAt` DATETIME NOT NULL;

sql [2025-03-01 09:48:07] [DEBUG]: Executing (default): ALTER TABLE `Students` CHANGE `updatedAt` `updatedAt` DATETIME NOT NULL;

sql [2025-03-01 09:48:07] [DEBUG]: Executing (default): ALTER TABLE `Students` CHANGE `deletedAt` `deletedAt` DATETIME;

sql [2025-03-01 09:48:07] [DEBUG]: Executing (default): ALTER TABLE `Students` ADD FOREIGN KEY (`ClassId`) REFERENCES `Classes` (`id`) ON DELETE SET NULL ON UPDATE CASCADE;

sql [2025-03-01 09:48:07] [DEBUG]: Executing (default): SHOW INDEX FROM `Students`

sql [2025-03-01 09:49:36] [DEBUG]: Executing (default): SELECT TABLE_NAME FROM INFORMATION_SCHEMA.TABLES WHERE TABLE_TYPE = 'BASE TABLE' AND TABLE_NAME = 'UpdatePrompts' AND TABLE_SCHEMA = 'duyi_myschooldb'

sql [2025-03-01 09:49:36] [DEBUG]: Executing (default): SHOW FULL COLUMNS FROM `UpdatePrompts`;

sql [2025-03-01 09:49:36] [DEBUG]: Executing (default): SELECT CONSTRAINT_NAME as constraint_name,CONSTRAINT_NAME as constraintName,CONSTRAINT_SCHEMA as constraintSchema,CONSTRAINT_SCHEMA as constraintCatalog,TABLE_NAME as tableName,TABLE_SCHEMA as tableSchema,TABLE_SCHEMA as tableCatalog,COLUMN_NAME as columnName,REFERENCED_TABLE_SCHEMA as referencedTableSchema,REFERENCED_TABLE_SCHEMA as referencedTableCatalog,REFERENCED_TABLE_NAME as referencedTableName,REFERENCED_COLUMN_NAME as referencedColumnName FROM INFORMATION_SCHEMA.KEY_COLUMN_USAGE where TABLE_NAME = 'UpdatePrompts' AND CONSTRAINT_NAME!='PRIMARY' AND CONSTRAINT_SCHEMA='duyi_myschooldb' AND REFERENCED_TABLE_NAME IS NOT NULL;

sql [2025-03-01 09:49:36] [DEBUG]: Executing (default): ALTER TABLE `UpdatePrompts` CHANGE `name` `name` VARCHAR(255) NOT NULL;

sql [2025-03-01 09:49:36] [DEBUG]: Executing (default): ALTER TABLE `UpdatePrompts` CHANGE `updateTime` `updateTime` VARCHAR(255) NOT NULL;

sql [2025-03-01 09:49:36] [DEBUG]: Executing (default): ALTER TABLE `UpdatePrompts` CHANGE `createdAt` `createdAt` DATETIME NOT NULL;

sql [2025-03-01 09:49:36] [DEBUG]: Executing (default): ALTER TABLE `UpdatePrompts` CHANGE `updatedAt` `updatedAt` DATETIME NOT NULL;

sql [2025-03-01 09:49:36] [DEBUG]: Executing (default): SHOW INDEX FROM `UpdatePrompts`

sql [2025-03-01 09:49:36] [DEBUG]: Executing (default): SELECT TABLE_NAME FROM INFORMATION_SCHEMA.TABLES WHERE TABLE_TYPE = 'BASE TABLE' AND TABLE_NAME = 'Admins' AND TABLE_SCHEMA = 'duyi_myschooldb'

sql [2025-03-01 09:49:36] [DEBUG]: Executing (default): SHOW FULL COLUMNS FROM `Admins`;

sql [2025-03-01 09:49:36] [DEBUG]: Executing (default): SELECT CONSTRAINT_NAME as constraint_name,CONSTRAINT_NAME as constraintName,CONSTRAINT_SCHEMA as constraintSchema,CONSTRAINT_SCHEMA as constraintCatalog,TABLE_NAME as tableName,TABLE_SCHEMA as tableSchema,TABLE_SCHEMA as tableCatalog,COLUMN_NAME as columnName,REFERENCED_TABLE_SCHEMA as referencedTableSchema,REFERENCED_TABLE_SCHEMA as referencedTableCatalog,REFERENCED_TABLE_NAME as referencedTableName,REFERENCED_COLUMN_NAME as referencedColumnName FROM INFORMATION_SCHEMA.KEY_COLUMN_USAGE where TABLE_NAME = 'Admins' AND CONSTRAINT_NAME!='PRIMARY' AND CONSTRAINT_SCHEMA='duyi_myschooldb' AND REFERENCED_TABLE_NAME IS NOT NULL;

sql [2025-03-01 09:49:36] [DEBUG]: Executing (default): ALTER TABLE `Admins` CHANGE `loginId` `loginId` VARCHAR(255) NOT NULL;

sql [2025-03-01 09:49:36] [DEBUG]: Executing (default): ALTER TABLE `Admins` CHANGE `loginPwd` `loginPwd` VARCHAR(255) NOT NULL;

sql [2025-03-01 09:49:36] [DEBUG]: Executing (default): ALTER TABLE `Admins` CHANGE `name` `name` VARCHAR(255) NOT NULL;

sql [2025-03-01 09:49:36] [DEBUG]: Executing (default): ALTER TABLE `Admins` CHANGE `createdAt` `createdAt` DATETIME NOT NULL;

sql [2025-03-01 09:49:36] [DEBUG]: Executing (default): ALTER TABLE `Admins` CHANGE `updatedAt` `updatedAt` DATETIME NOT NULL;

sql [2025-03-01 09:49:36] [DEBUG]: Executing (default): ALTER TABLE `Admins` CHANGE `deletedAt` `deletedAt` DATETIME;

sql [2025-03-01 09:49:36] [DEBUG]: Executing (default): SHOW INDEX FROM `Admins`

sql [2025-03-01 09:49:36] [DEBUG]: Executing (default): SELECT TABLE_NAME FROM INFORMATION_SCHEMA.TABLES WHERE TABLE_TYPE = 'BASE TABLE' AND TABLE_NAME = 'Books' AND TABLE_SCHEMA = 'duyi_myschooldb'

sql [2025-03-01 09:49:36] [DEBUG]: Executing (default): SHOW FULL COLUMNS FROM `Books`;

sql [2025-03-01 09:49:36] [DEBUG]: Executing (default): SELECT CONSTRAINT_NAME as constraint_name,CONSTRAINT_NAME as constraintName,CONSTRAINT_SCHEMA as constraintSchema,CONSTRAINT_SCHEMA as constraintCatalog,TABLE_NAME as tableName,TABLE_SCHEMA as tableSchema,TABLE_SCHEMA as tableCatalog,COLUMN_NAME as columnName,REFERENCED_TABLE_SCHEMA as referencedTableSchema,REFERENCED_TABLE_SCHEMA as referencedTableCatalog,REFERENCED_TABLE_NAME as referencedTableName,REFERENCED_COLUMN_NAME as referencedColumnName FROM INFORMATION_SCHEMA.KEY_COLUMN_USAGE where TABLE_NAME = 'Books' AND CONSTRAINT_NAME!='PRIMARY' AND CONSTRAINT_SCHEMA='duyi_myschooldb' AND REFERENCED_TABLE_NAME IS NOT NULL;

sql [2025-03-01 09:49:36] [DEBUG]: Executing (default): ALTER TABLE `Books` CHANGE `name` `name` VARCHAR(255) NOT NULL;

sql [2025-03-01 09:49:36] [DEBUG]: Executing (default): ALTER TABLE `Books` CHANGE `imgurl` `imgurl` VARCHAR(255);

sql [2025-03-01 09:49:36] [DEBUG]: Executing (default): ALTER TABLE `Books` CHANGE `publishDate` `publishDate` DATETIME NOT NULL;

sql [2025-03-01 09:49:36] [DEBUG]: Executing (default): ALTER TABLE `Books` CHANGE `author` `author` VARCHAR(255) NOT NULL;

sql [2025-03-01 09:49:36] [DEBUG]: Executing (default): ALTER TABLE `Books` CHANGE `createdAt` `createdAt` DATETIME NOT NULL;

sql [2025-03-01 09:49:36] [DEBUG]: Executing (default): ALTER TABLE `Books` CHANGE `updatedAt` `updatedAt` DATETIME NOT NULL;

sql [2025-03-01 09:49:36] [DEBUG]: Executing (default): ALTER TABLE `Books` CHANGE `deletedAt` `deletedAt` DATETIME;

sql [2025-03-01 09:49:36] [DEBUG]: Executing (default): SHOW INDEX FROM `Books`

sql [2025-03-01 09:49:36] [DEBUG]: Executing (default): SELECT TABLE_NAME FROM INFORMATION_SCHEMA.TABLES WHERE TABLE_TYPE = 'BASE TABLE' AND TABLE_NAME = 'Classes' AND TABLE_SCHEMA = 'duyi_myschooldb'

sql [2025-03-01 09:49:36] [DEBUG]: Executing (default): SHOW FULL COLUMNS FROM `Classes`;

sql [2025-03-01 09:49:36] [DEBUG]: Executing (default): SELECT CONSTRAINT_NAME as constraint_name,CONSTRAINT_NAME as constraintName,CONSTRAINT_SCHEMA as constraintSchema,CONSTRAINT_SCHEMA as constraintCatalog,TABLE_NAME as tableName,TABLE_SCHEMA as tableSchema,TABLE_SCHEMA as tableCatalog,COLUMN_NAME as columnName,REFERENCED_TABLE_SCHEMA as referencedTableSchema,REFERENCED_TABLE_SCHEMA as referencedTableCatalog,REFERENCED_TABLE_NAME as referencedTableName,REFERENCED_COLUMN_NAME as referencedColumnName FROM INFORMATION_SCHEMA.KEY_COLUMN_USAGE where TABLE_NAME = 'Classes' AND CONSTRAINT_NAME!='PRIMARY' AND CONSTRAINT_SCHEMA='duyi_myschooldb' AND REFERENCED_TABLE_NAME IS NOT NULL;

sql [2025-03-01 09:49:36] [DEBUG]: Executing (default): ALTER TABLE `Classes` CHANGE `name` `name` VARCHAR(255) NOT NULL;

sql [2025-03-01 09:49:37] [DEBUG]: Executing (default): ALTER TABLE `Classes` CHANGE `openDate` `openDate` VARCHAR(255) NOT NULL;

sql [2025-03-01 09:49:38] [DEBUG]: Executing (default): ALTER TABLE `Classes` CHANGE `createdAt` `createdAt` DATETIME NOT NULL;

sql [2025-03-01 09:49:38] [DEBUG]: Executing (default): SELECT `id`, `name`, `updateTime`, `createdAt`, `updatedAt` FROM `UpdatePrompts` AS `UpdatePrompt` WHERE `UpdatePrompt`.`name` = 'updateApp' LIMIT 1;

sql [2025-03-01 09:49:39] [DEBUG]: Executing (default): ALTER TABLE `Classes` CHANGE `updatedAt` `updatedAt` DATETIME NOT NULL;

sql [2025-03-01 09:49:40] [DEBUG]: Executing (default): ALTER TABLE `Classes` CHANGE `deletedAt` `deletedAt` DATETIME;

sql [2025-03-01 09:49:41] [DEBUG]: Executing (default): SHOW INDEX FROM `Classes`

sql [2025-03-01 09:49:41] [DEBUG]: Executing (default): SELECT TABLE_NAME FROM INFORMATION_SCHEMA.TABLES WHERE TABLE_TYPE = 'BASE TABLE' AND TABLE_NAME = 'Students' AND TABLE_SCHEMA = 'duyi_myschooldb'

sql [2025-03-01 09:49:41] [DEBUG]: Executing (default): SHOW FULL COLUMNS FROM `Students`;

sql [2025-03-01 09:49:41] [DEBUG]: Executing (default): SELECT CONSTRAINT_NAME as constraint_name,CONSTRAINT_NAME as constraintName,CONSTRAINT_SCHEMA as constraintSchema,CONSTRAINT_SCHEMA as constraintCatalog,TABLE_NAME as tableName,TABLE_SCHEMA as tableSchema,TABLE_SCHEMA as tableCatalog,COLUMN_NAME as columnName,REFERENCED_TABLE_SCHEMA as referencedTableSchema,REFERENCED_TABLE_SCHEMA as referencedTableCatalog,REFERENCED_TABLE_NAME as referencedTableName,REFERENCED_COLUMN_NAME as referencedColumnName FROM INFORMATION_SCHEMA.KEY_COLUMN_USAGE where TABLE_NAME = 'Students' AND CONSTRAINT_NAME!='PRIMARY' AND CONSTRAINT_SCHEMA='duyi_myschooldb' AND REFERENCED_TABLE_NAME IS NOT NULL;

sql [2025-03-01 09:49:41] [DEBUG]: Executing (default): ALTER TABLE `Students` CHANGE `name` `name` VARCHAR(255) NOT NULL;

sql [2025-03-01 09:49:41] [DEBUG]: Executing (default): ALTER TABLE `Students` CHANGE `birthday` `birthday` DATETIME NOT NULL;

sql [2025-03-01 09:49:41] [DEBUG]: Executing (default): ALTER TABLE `Students` CHANGE `sex` `sex` TINYINT(1) NOT NULL;

sql [2025-03-01 09:49:41] [DEBUG]: Executing (default): ALTER TABLE `Students` CHANGE `mobile` `mobile` VARCHAR(11) NOT NULL;

sql [2025-03-01 09:49:41] [DEBUG]: Executing (default): ALTER TABLE `Students` CHANGE `createdAt` `createdAt` DATETIME NOT NULL;

sql [2025-03-01 09:49:41] [DEBUG]: Executing (default): ALTER TABLE `Students` CHANGE `updatedAt` `updatedAt` DATETIME NOT NULL;

sql [2025-03-01 09:49:41] [DEBUG]: Executing (default): ALTER TABLE `Students` CHANGE `deletedAt` `deletedAt` DATETIME;

sql [2025-03-01 09:49:41] [DEBUG]: Executing (default): ALTER TABLE `Students` ADD FOREIGN KEY (`ClassId`) REFERENCES `Classes` (`id`) ON DELETE SET NULL ON UPDATE CASCADE;

sql [2025-03-01 09:49:41] [DEBUG]: Executing (default): SHOW INDEX FROM `Students`

sql [2025-03-01 09:50:32] [DEBUG]: Executing (default): SELECT TABLE_NAME FROM INFORMATION_SCHEMA.TABLES WHERE TABLE_TYPE = 'BASE TABLE' AND TABLE_NAME = 'UpdatePrompts' AND TABLE_SCHEMA = 'duyi_myschooldb'

sql [2025-03-01 09:50:32] [DEBUG]: Executing (default): SHOW FULL COLUMNS FROM `UpdatePrompts`;

sql [2025-03-01 09:50:33] [DEBUG]: Executing (default): SELECT CONSTRAINT_NAME as constraint_name,CONSTRAINT_NAME as constraintName,CONSTRAINT_SCHEMA as constraintSchema,CONSTRAINT_SCHEMA as constraintCatalog,TABLE_NAME as tableName,TABLE_SCHEMA as tableSchema,TABLE_SCHEMA as tableCatalog,COLUMN_NAME as columnName,REFERENCED_TABLE_SCHEMA as referencedTableSchema,REFERENCED_TABLE_SCHEMA as referencedTableCatalog,REFERENCED_TABLE_NAME as referencedTableName,REFERENCED_COLUMN_NAME as referencedColumnName FROM INFORMATION_SCHEMA.KEY_COLUMN_USAGE where TABLE_NAME = 'UpdatePrompts' AND CONSTRAINT_NAME!='PRIMARY' AND CONSTRAINT_SCHEMA='duyi_myschooldb' AND REFERENCED_TABLE_NAME IS NOT NULL;

sql [2025-03-01 09:50:33] [DEBUG]: Executing (default): ALTER TABLE `UpdatePrompts` CHANGE `name` `name` VARCHAR(255) NOT NULL;

sql [2025-03-01 09:50:33] [DEBUG]: Executing (default): ALTER TABLE `UpdatePrompts` CHANGE `updateTime` `updateTime` VARCHAR(255) NOT NULL;

sql [2025-03-01 09:50:33] [DEBUG]: Executing (default): ALTER TABLE `UpdatePrompts` CHANGE `createdAt` `createdAt` DATETIME NOT NULL;

sql [2025-03-01 09:50:33] [DEBUG]: Executing (default): ALTER TABLE `UpdatePrompts` CHANGE `updatedAt` `updatedAt` DATETIME NOT NULL;

sql [2025-03-01 09:50:33] [DEBUG]: Executing (default): SHOW INDEX FROM `UpdatePrompts`

sql [2025-03-01 09:50:33] [DEBUG]: Executing (default): SELECT TABLE_NAME FROM INFORMATION_SCHEMA.TABLES WHERE TABLE_TYPE = 'BASE TABLE' AND TABLE_NAME = 'Admins' AND TABLE_SCHEMA = 'duyi_myschooldb'

sql [2025-03-01 09:50:33] [DEBUG]: Executing (default): SHOW FULL COLUMNS FROM `Admins`;

sql [2025-03-01 09:50:33] [DEBUG]: Executing (default): SELECT CONSTRAINT_NAME as constraint_name,CONSTRAINT_NAME as constraintName,CONSTRAINT_SCHEMA as constraintSchema,CONSTRAINT_SCHEMA as constraintCatalog,TABLE_NAME as tableName,TABLE_SCHEMA as tableSchema,TABLE_SCHEMA as tableCatalog,COLUMN_NAME as columnName,REFERENCED_TABLE_SCHEMA as referencedTableSchema,REFERENCED_TABLE_SCHEMA as referencedTableCatalog,REFERENCED_TABLE_NAME as referencedTableName,REFERENCED_COLUMN_NAME as referencedColumnName FROM INFORMATION_SCHEMA.KEY_COLUMN_USAGE where TABLE_NAME = 'Admins' AND CONSTRAINT_NAME!='PRIMARY' AND CONSTRAINT_SCHEMA='duyi_myschooldb' AND REFERENCED_TABLE_NAME IS NOT NULL;

sql [2025-03-01 09:50:33] [DEBUG]: Executing (default): ALTER TABLE `Admins` CHANGE `loginId` `loginId` VARCHAR(255) NOT NULL;

sql [2025-03-01 09:50:33] [DEBUG]: Executing (default): ALTER TABLE `Admins` CHANGE `loginPwd` `loginPwd` VARCHAR(255) NOT NULL;

sql [2025-03-01 09:50:33] [DEBUG]: Executing (default): ALTER TABLE `Admins` CHANGE `name` `name` VARCHAR(255) NOT NULL;

sql [2025-03-01 09:50:33] [DEBUG]: Executing (default): ALTER TABLE `Admins` CHANGE `createdAt` `createdAt` DATETIME NOT NULL;

sql [2025-03-01 09:50:33] [DEBUG]: Executing (default): ALTER TABLE `Admins` CHANGE `updatedAt` `updatedAt` DATETIME NOT NULL;

sql [2025-03-01 09:50:33] [DEBUG]: Executing (default): ALTER TABLE `Admins` CHANGE `deletedAt` `deletedAt` DATETIME;

sql [2025-03-01 09:50:33] [DEBUG]: Executing (default): SHOW INDEX FROM `Admins`

sql [2025-03-01 09:50:33] [DEBUG]: Executing (default): SELECT TABLE_NAME FROM INFORMATION_SCHEMA.TABLES WHERE TABLE_TYPE = 'BASE TABLE' AND TABLE_NAME = 'Books' AND TABLE_SCHEMA = 'duyi_myschooldb'

sql [2025-03-01 09:50:33] [DEBUG]: Executing (default): SHOW FULL COLUMNS FROM `Books`;

sql [2025-03-01 09:50:33] [DEBUG]: Executing (default): SELECT CONSTRAINT_NAME as constraint_name,CONSTRAINT_NAME as constraintName,CONSTRAINT_SCHEMA as constraintSchema,CONSTRAINT_SCHEMA as constraintCatalog,TABLE_NAME as tableName,TABLE_SCHEMA as tableSchema,TABLE_SCHEMA as tableCatalog,COLUMN_NAME as columnName,REFERENCED_TABLE_SCHEMA as referencedTableSchema,REFERENCED_TABLE_SCHEMA as referencedTableCatalog,REFERENCED_TABLE_NAME as referencedTableName,REFERENCED_COLUMN_NAME as referencedColumnName FROM INFORMATION_SCHEMA.KEY_COLUMN_USAGE where TABLE_NAME = 'Books' AND CONSTRAINT_NAME!='PRIMARY' AND CONSTRAINT_SCHEMA='duyi_myschooldb' AND REFERENCED_TABLE_NAME IS NOT NULL;

sql [2025-03-01 09:50:33] [DEBUG]: Executing (default): ALTER TABLE `Books` CHANGE `name` `name` VARCHAR(255) NOT NULL;

sql [2025-03-01 09:50:33] [DEBUG]: Executing (default): ALTER TABLE `Books` CHANGE `imgurl` `imgurl` VARCHAR(255);

sql [2025-03-01 09:50:33] [DEBUG]: Executing (default): ALTER TABLE `Books` CHANGE `publishDate` `publishDate` DATETIME NOT NULL;

sql [2025-03-01 09:50:33] [DEBUG]: Executing (default): ALTER TABLE `Books` CHANGE `author` `author` VARCHAR(255) NOT NULL;

sql [2025-03-01 09:50:33] [DEBUG]: Executing (default): ALTER TABLE `Books` CHANGE `createdAt` `createdAt` DATETIME NOT NULL;

sql [2025-03-01 09:50:33] [DEBUG]: Executing (default): ALTER TABLE `Books` CHANGE `updatedAt` `updatedAt` DATETIME NOT NULL;

sql [2025-03-01 09:50:33] [DEBUG]: Executing (default): ALTER TABLE `Books` CHANGE `deletedAt` `deletedAt` DATETIME;

sql [2025-03-01 09:50:33] [DEBUG]: Executing (default): SHOW INDEX FROM `Books`

sql [2025-03-01 09:50:33] [DEBUG]: Executing (default): SELECT TABLE_NAME FROM INFORMATION_SCHEMA.TABLES WHERE TABLE_TYPE = 'BASE TABLE' AND TABLE_NAME = 'Classes' AND TABLE_SCHEMA = 'duyi_myschooldb'

sql [2025-03-01 09:50:33] [DEBUG]: Executing (default): SHOW FULL COLUMNS FROM `Classes`;

sql [2025-03-01 09:50:33] [DEBUG]: Executing (default): SELECT CONSTRAINT_NAME as constraint_name,CONSTRAINT_NAME as constraintName,CONSTRAINT_SCHEMA as constraintSchema,CONSTRAINT_SCHEMA as constraintCatalog,TABLE_NAME as tableName,TABLE_SCHEMA as tableSchema,TABLE_SCHEMA as tableCatalog,COLUMN_NAME as columnName,REFERENCED_TABLE_SCHEMA as referencedTableSchema,REFERENCED_TABLE_SCHEMA as referencedTableCatalog,REFERENCED_TABLE_NAME as referencedTableName,REFERENCED_COLUMN_NAME as referencedColumnName FROM INFORMATION_SCHEMA.KEY_COLUMN_USAGE where TABLE_NAME = 'Classes' AND CONSTRAINT_NAME!='PRIMARY' AND CONSTRAINT_SCHEMA='duyi_myschooldb' AND REFERENCED_TABLE_NAME IS NOT NULL;

sql [2025-03-01 09:50:33] [DEBUG]: Executing (default): ALTER TABLE `Classes` CHANGE `name` `name` VARCHAR(255) NOT NULL;

sql [2025-03-01 09:50:34] [DEBUG]: Executing (default): ALTER TABLE `Classes` CHANGE `openDate` `openDate` VARCHAR(255) NOT NULL;

sql [2025-03-01 09:50:35] [DEBUG]: Executing (default): ALTER TABLE `Classes` CHANGE `createdAt` `createdAt` DATETIME NOT NULL;

sql [2025-03-01 09:50:35] [DEBUG]: Executing (default): SELECT `id`, `name`, `updateTime`, `createdAt`, `updatedAt` FROM `UpdatePrompts` AS `UpdatePrompt` WHERE `UpdatePrompt`.`name` = 'updateApp' LIMIT 1;

sql [2025-03-01 09:50:36] [DEBUG]: Executing (default): ALTER TABLE `Classes` CHANGE `updatedAt` `updatedAt` DATETIME NOT NULL;

sql [2025-03-01 09:50:37] [DEBUG]: Executing (default): ALTER TABLE `Classes` CHANGE `deletedAt` `deletedAt` DATETIME;

sql [2025-03-01 09:50:37] [DEBUG]: Executing (default): SHOW INDEX FROM `Classes`

sql [2025-03-01 09:50:37] [DEBUG]: Executing (default): SELECT TABLE_NAME FROM INFORMATION_SCHEMA.TABLES WHERE TABLE_TYPE = 'BASE TABLE' AND TABLE_NAME = 'Students' AND TABLE_SCHEMA = 'duyi_myschooldb'

sql [2025-03-01 09:50:37] [DEBUG]: Executing (default): SHOW FULL COLUMNS FROM `Students`;

sql [2025-03-01 09:50:37] [DEBUG]: Executing (default): SELECT CONSTRAINT_NAME as constraint_name,CONSTRAINT_NAME as constraintName,CONSTRAINT_SCHEMA as constraintSchema,CONSTRAINT_SCHEMA as constraintCatalog,TABLE_NAME as tableName,TABLE_SCHEMA as tableSchema,TABLE_SCHEMA as tableCatalog,COLUMN_NAME as columnName,REFERENCED_TABLE_SCHEMA as referencedTableSchema,REFERENCED_TABLE_SCHEMA as referencedTableCatalog,REFERENCED_TABLE_NAME as referencedTableName,REFERENCED_COLUMN_NAME as referencedColumnName FROM INFORMATION_SCHEMA.KEY_COLUMN_USAGE where TABLE_NAME = 'Students' AND CONSTRAINT_NAME!='PRIMARY' AND CONSTRAINT_SCHEMA='duyi_myschooldb' AND REFERENCED_TABLE_NAME IS NOT NULL;

sql [2025-03-01 09:50:38] [DEBUG]: Executing (default): ALTER TABLE `Students` CHANGE `name` `name` VARCHAR(255) NOT NULL;

sql [2025-03-01 09:50:38] [DEBUG]: Executing (default): ALTER TABLE `Students` CHANGE `birthday` `birthday` DATETIME NOT NULL;

sql [2025-03-01 09:50:38] [DEBUG]: Executing (default): ALTER TABLE `Students` CHANGE `sex` `sex` TINYINT(1) NOT NULL;

sql [2025-03-01 09:50:38] [DEBUG]: Executing (default): ALTER TABLE `Students` CHANGE `mobile` `mobile` VARCHAR(11) NOT NULL;

sql [2025-03-01 09:50:38] [DEBUG]: Executing (default): ALTER TABLE `Students` CHANGE `createdAt` `createdAt` DATETIME NOT NULL;

sql [2025-03-01 09:50:38] [DEBUG]: Executing (default): ALTER TABLE `Students` CHANGE `updatedAt` `updatedAt` DATETIME NOT NULL;

sql [2025-03-01 09:50:38] [DEBUG]: Executing (default): ALTER TABLE `Students` CHANGE `deletedAt` `deletedAt` DATETIME;

sql [2025-03-01 09:50:38] [DEBUG]: Executing (default): ALTER TABLE `Students` ADD FOREIGN KEY (`ClassId`) REFERENCES `Classes` (`id`) ON DELETE SET NULL ON UPDATE CASCADE;

sql [2025-03-01 09:50:38] [DEBUG]: Executing (default): SHOW INDEX FROM `Students`

