sql [2025-02-24 11:37:11] [DEBUG]: Executing (default): ALTER TABLE `Admins` CHANGE `loginId` `loginId` VARCHAR(255) NOT NULL;

sql [2025-02-24 11:37:11] [DEBUG]: Executing (default): ALTER TABLE `Admins` CHANGE `loginPwd` `loginPwd` VARCHAR(255) NOT NULL;

sql [2025-02-24 11:37:11] [DEBUG]: Executing (default): ALTER TABLE `Admins` CHANGE `name` `name` VARCHAR(255) NOT NULL;

sql [2025-02-24 11:37:11] [DEBUG]: Executing (default): ALTER TABLE `Admins` CHANGE `createdAt` `createdAt` DATETIME NOT NULL;

sql [2025-02-24 11:37:11] [DEBUG]: Executing (default): ALTER TABLE `Admins` CHANGE `updatedAt` `updatedAt` DATETIME NOT NULL;

sql [2025-02-24 11:37:11] [DEBUG]: Executing (default): ALTER TABLE `Admins` CHANGE `deletedAt` `deletedAt` DATETIME;

sql [2025-02-24 11:37:11] [DEBUG]: Executing (default): SHOW INDEX FROM `Admins`

sql [2025-02-24 11:37:11] [DEBUG]: Executing (default): SELECT TABLE_NAME FROM INFORMATION_SCHEMA.TABLES WHERE TABLE_TYPE = 'BASE TABLE' AND TABLE_NAME = 'Books' AND TABLE_SCHEMA = 'duyi_myschooldb'

sql [2025-02-24 11:37:11] [DEBUG]: Executing (default): SHOW FULL COLUMNS FROM `Books`;

sql [2025-02-24 11:37:11] [DEBUG]: Executing (default): SELECT CONSTRAINT_NAME as constraint_name,CONSTRAINT_NAME as constraintName,CONSTRAINT_SCHEMA as constraintSchema,CONSTRAINT_SCHEMA as constraintCatalog,TABLE_NAME as tableName,TABLE_SCHEMA as tableSchema,TABLE_SCHEMA as tableCatalog,COLUMN_NAME as columnName,REFERENCED_TABLE_SCHEMA as referencedTableSchema,REFERENCED_TABLE_SCHEMA as referencedTableCatalog,REFERENCED_TABLE_NAME as referencedTableName,REFERENCED_COLUMN_NAME as referencedColumnName FROM INFORMATION_SCHEMA.KEY_COLUMN_USAGE where TABLE_NAME = 'Books' AND CONSTRAINT_NAME!='PRIMARY' AND CONSTRAINT_SCHEMA='duyi_myschooldb' AND REFERENCED_TABLE_NAME IS NOT NULL;

sql [2025-02-24 11:37:11] [DEBUG]: Executing (default): ALTER TABLE `Books` CHANGE `name` `name` VARCHAR(255) NOT NULL;

sql [2025-02-24 11:37:11] [DEBUG]: Executing (default): ALTER TABLE `Books` CHANGE `imgurl` `imgurl` VARCHAR(255);

sql [2025-02-24 11:37:11] [DEBUG]: Executing (default): ALTER TABLE `Books` CHANGE `publishDate` `publishDate` DATETIME NOT NULL;

sql [2025-02-24 11:37:11] [DEBUG]: Executing (default): ALTER TABLE `Books` CHANGE `author` `author` VARCHAR(255) NOT NULL;

sql [2025-02-24 11:37:11] [DEBUG]: Executing (default): ALTER TABLE `Books` CHANGE `createdAt` `createdAt` DATETIME NOT NULL;

sql [2025-02-24 11:37:11] [DEBUG]: Executing (default): ALTER TABLE `Books` CHANGE `updatedAt` `updatedAt` DATETIME NOT NULL;

sql [2025-02-24 11:37:11] [DEBUG]: Executing (default): ALTER TABLE `Books` CHANGE `deletedAt` `deletedAt` DATETIME;

sql [2025-02-24 11:37:11] [DEBUG]: Executing (default): SHOW INDEX FROM `Books`

sql [2025-02-24 11:37:11] [DEBUG]: Executing (default): SELECT TABLE_NAME FROM INFORMATION_SCHEMA.TABLES WHERE TABLE_TYPE = 'BASE TABLE' AND TABLE_NAME = 'Classes' AND TABLE_SCHEMA = 'duyi_myschooldb'

sql [2025-02-24 11:37:11] [DEBUG]: Executing (default): SHOW FULL COLUMNS FROM `Classes`;

sql [2025-02-24 11:37:11] [DEBUG]: Executing (default): SELECT CONSTRAINT_NAME as constraint_name,CONSTRAINT_NAME as constraintName,CONSTRAINT_SCHEMA as constraintSchema,CONSTRAINT_SCHEMA as constraintCatalog,TABLE_NAME as tableName,TABLE_SCHEMA as tableSchema,TABLE_SCHEMA as tableCatalog,COLUMN_NAME as columnName,REFERENCED_TABLE_SCHEMA as referencedTableSchema,REFERENCED_TABLE_SCHEMA as referencedTableCatalog,REFERENCED_TABLE_NAME as referencedTableName,REFERENCED_COLUMN_NAME as referencedColumnName FROM INFORMATION_SCHEMA.KEY_COLUMN_USAGE where TABLE_NAME = 'Classes' AND CONSTRAINT_NAME!='PRIMARY' AND CONSTRAINT_SCHEMA='duyi_myschooldb' AND REFERENCED_TABLE_NAME IS NOT NULL;

sql [2025-02-24 11:37:11] [DEBUG]: Executing (default): ALTER TABLE `Classes` CHANGE `name` `name` VARCHAR(255) NOT NULL;

sql [2025-02-24 11:37:11] [DEBUG]: Executing (default): ALTER TABLE `Classes` CHANGE `openDate` `openDate` VARCHAR(255) NOT NULL;

sql [2025-02-24 11:37:11] [DEBUG]: Executing (default): ALTER TABLE `Classes` CHANGE `createdAt` `createdAt` DATETIME NOT NULL;

sql [2025-02-24 11:37:11] [DEBUG]: Executing (default): ALTER TABLE `Classes` CHANGE `updatedAt` `updatedAt` DATETIME NOT NULL;

sql [2025-02-24 11:37:11] [DEBUG]: Executing (default): ALTER TABLE `Classes` CHANGE `deletedAt` `deletedAt` DATETIME;

sql [2025-02-24 11:37:12] [DEBUG]: Executing (default): SHOW INDEX FROM `Classes`

sql [2025-02-24 11:37:12] [DEBUG]: Executing (default): SELECT TABLE_NAME FROM INFORMATION_SCHEMA.TABLES WHERE TABLE_TYPE = 'BASE TABLE' AND TABLE_NAME = 'Students' AND TABLE_SCHEMA = 'duyi_myschooldb'

sql [2025-02-24 11:37:12] [DEBUG]: Executing (default): SHOW FULL COLUMNS FROM `Students`;

sql [2025-02-24 11:37:12] [DEBUG]: Executing (default): SELECT CONSTRAINT_NAME as constraint_name,CONSTRAINT_NAME as constraintName,CONSTRAINT_SCHEMA as constraintSchema,CONSTRAINT_SCHEMA as constraintCatalog,TABLE_NAME as tableName,TABLE_SCHEMA as tableSchema,TABLE_SCHEMA as tableCatalog,COLUMN_NAME as columnName,REFERENCED_TABLE_SCHEMA as referencedTableSchema,REFERENCED_TABLE_SCHEMA as referencedTableCatalog,REFERENCED_TABLE_NAME as referencedTableName,REFERENCED_COLUMN_NAME as referencedColumnName FROM INFORMATION_SCHEMA.KEY_COLUMN_USAGE where TABLE_NAME = 'Students' AND CONSTRAINT_NAME!='PRIMARY' AND CONSTRAINT_SCHEMA='duyi_myschooldb' AND REFERENCED_TABLE_NAME IS NOT NULL;

sql [2025-02-24 11:37:12] [DEBUG]: Executing (default): ALTER TABLE `Students` CHANGE `name` `name` VARCHAR(255) NOT NULL;

sql [2025-02-24 11:37:12] [DEBUG]: Executing (default): ALTER TABLE `Students` CHANGE `birthday` `birthday` DATETIME NOT NULL;

sql [2025-02-24 11:37:12] [DEBUG]: Executing (default): ALTER TABLE `Students` CHANGE `sex` `sex` TINYINT(1) NOT NULL;

sql [2025-02-24 11:37:12] [DEBUG]: Executing (default): ALTER TABLE `Students` CHANGE `mobile` `mobile` VARCHAR(11) NOT NULL;

sql [2025-02-24 11:37:12] [DEBUG]: Executing (default): ALTER TABLE `Students` CHANGE `createdAt` `createdAt` DATETIME NOT NULL;

sql [2025-02-24 11:37:12] [DEBUG]: Executing (default): ALTER TABLE `Students` CHANGE `updatedAt` `updatedAt` DATETIME NOT NULL;

sql [2025-02-24 11:37:12] [DEBUG]: Executing (default): ALTER TABLE `Students` CHANGE `deletedAt` `deletedAt` DATETIME;

sql [2025-02-24 11:37:12] [DEBUG]: Executing (default): ALTER TABLE `Students` ADD FOREIGN KEY (`ClassId`) REFERENCES `Classes` (`id`) ON DELETE SET NULL ON UPDATE CASCADE;

sql [2025-02-24 11:37:12] [DEBUG]: Executing (default): SHOW INDEX FROM `Students`

sql [2025-02-24 11:37:13] [DEBUG]: Executing (default): SELECT `id`, `name`, `updateTime`, `createdAt`, `updatedAt` FROM `UpdatePrompts` AS `UpdatePrompt` WHERE `UpdatePrompt`.`name` = 'updateApp' LIMIT 1;

sql [2025-02-24 11:39:32] [DEBUG]: Executing (default): SELECT TABLE_NAME FROM INFORMATION_SCHEMA.TABLES WHERE TABLE_TYPE = 'BASE TABLE' AND TABLE_NAME = 'UpdatePrompts' AND TABLE_SCHEMA = 'duyi_myschooldb'

sql [2025-02-24 11:39:32] [DEBUG]: Executing (default): SHOW FULL COLUMNS FROM `UpdatePrompts`;

sql [2025-02-24 11:39:32] [DEBUG]: Executing (default): SELECT CONSTRAINT_NAME as constraint_name,CONSTRAINT_NAME as constraintName,CONSTRAINT_SCHEMA as constraintSchema,CONSTRAINT_SCHEMA as constraintCatalog,TABLE_NAME as tableName,TABLE_SCHEMA as tableSchema,TABLE_SCHEMA as tableCatalog,COLUMN_NAME as columnName,REFERENCED_TABLE_SCHEMA as referencedTableSchema,REFERENCED_TABLE_SCHEMA as referencedTableCatalog,REFERENCED_TABLE_NAME as referencedTableName,REFERENCED_COLUMN_NAME as referencedColumnName FROM INFORMATION_SCHEMA.KEY_COLUMN_USAGE where TABLE_NAME = 'UpdatePrompts' AND CONSTRAINT_NAME!='PRIMARY' AND CONSTRAINT_SCHEMA='duyi_myschooldb' AND REFERENCED_TABLE_NAME IS NOT NULL;

sql [2025-02-24 11:39:32] [DEBUG]: Executing (default): ALTER TABLE `UpdatePrompts` CHANGE `name` `name` VARCHAR(255) NOT NULL;

sql [2025-02-24 11:39:32] [DEBUG]: Executing (default): ALTER TABLE `UpdatePrompts` CHANGE `updateTime` `updateTime` VARCHAR(255) NOT NULL;

sql [2025-02-24 11:39:32] [DEBUG]: Executing (default): ALTER TABLE `UpdatePrompts` CHANGE `createdAt` `createdAt` DATETIME NOT NULL;

sql [2025-02-24 11:39:32] [DEBUG]: Executing (default): ALTER TABLE `UpdatePrompts` CHANGE `updatedAt` `updatedAt` DATETIME NOT NULL;

sql [2025-02-24 11:39:32] [DEBUG]: Executing (default): SHOW INDEX FROM `UpdatePrompts`

sql [2025-02-24 11:39:32] [DEBUG]: Executing (default): SELECT TABLE_NAME FROM INFORMATION_SCHEMA.TABLES WHERE TABLE_TYPE = 'BASE TABLE' AND TABLE_NAME = 'Admins' AND TABLE_SCHEMA = 'duyi_myschooldb'

sql [2025-02-24 11:39:32] [DEBUG]: Executing (default): SHOW FULL COLUMNS FROM `Admins`;

sql [2025-02-24 11:39:32] [DEBUG]: Executing (default): SELECT CONSTRAINT_NAME as constraint_name,CONSTRAINT_NAME as constraintName,CONSTRAINT_SCHEMA as constraintSchema,CONSTRAINT_SCHEMA as constraintCatalog,TABLE_NAME as tableName,TABLE_SCHEMA as tableSchema,TABLE_SCHEMA as tableCatalog,COLUMN_NAME as columnName,REFERENCED_TABLE_SCHEMA as referencedTableSchema,REFERENCED_TABLE_SCHEMA as referencedTableCatalog,REFERENCED_TABLE_NAME as referencedTableName,REFERENCED_COLUMN_NAME as referencedColumnName FROM INFORMATION_SCHEMA.KEY_COLUMN_USAGE where TABLE_NAME = 'Admins' AND CONSTRAINT_NAME!='PRIMARY' AND CONSTRAINT_SCHEMA='duyi_myschooldb' AND REFERENCED_TABLE_NAME IS NOT NULL;

sql [2025-02-24 11:39:32] [DEBUG]: Executing (default): ALTER TABLE `Admins` CHANGE `loginId` `loginId` VARCHAR(255) NOT NULL;

sql [2025-02-24 11:39:32] [DEBUG]: Executing (default): ALTER TABLE `Admins` CHANGE `loginPwd` `loginPwd` VARCHAR(255) NOT NULL;

sql [2025-02-24 11:39:32] [DEBUG]: Executing (default): ALTER TABLE `Admins` CHANGE `name` `name` VARCHAR(255) NOT NULL;

sql [2025-02-24 11:39:32] [DEBUG]: Executing (default): ALTER TABLE `Admins` CHANGE `createdAt` `createdAt` DATETIME NOT NULL;

sql [2025-02-24 11:39:32] [DEBUG]: Executing (default): ALTER TABLE `Admins` CHANGE `updatedAt` `updatedAt` DATETIME NOT NULL;

sql [2025-02-24 11:39:32] [DEBUG]: Executing (default): ALTER TABLE `Admins` CHANGE `deletedAt` `deletedAt` DATETIME;

sql [2025-02-24 11:39:32] [DEBUG]: Executing (default): SHOW INDEX FROM `Admins`

sql [2025-02-24 11:39:32] [DEBUG]: Executing (default): SELECT TABLE_NAME FROM INFORMATION_SCHEMA.TABLES WHERE TABLE_TYPE = 'BASE TABLE' AND TABLE_NAME = 'Books' AND TABLE_SCHEMA = 'duyi_myschooldb'

sql [2025-02-24 11:39:32] [DEBUG]: Executing (default): SHOW FULL COLUMNS FROM `Books`;

sql [2025-02-24 11:39:32] [DEBUG]: Executing (default): SELECT CONSTRAINT_NAME as constraint_name,CONSTRAINT_NAME as constraintName,CONSTRAINT_SCHEMA as constraintSchema,CONSTRAINT_SCHEMA as constraintCatalog,TABLE_NAME as tableName,TABLE_SCHEMA as tableSchema,TABLE_SCHEMA as tableCatalog,COLUMN_NAME as columnName,REFERENCED_TABLE_SCHEMA as referencedTableSchema,REFERENCED_TABLE_SCHEMA as referencedTableCatalog,REFERENCED_TABLE_NAME as referencedTableName,REFERENCED_COLUMN_NAME as referencedColumnName FROM INFORMATION_SCHEMA.KEY_COLUMN_USAGE where TABLE_NAME = 'Books' AND CONSTRAINT_NAME!='PRIMARY' AND CONSTRAINT_SCHEMA='duyi_myschooldb' AND REFERENCED_TABLE_NAME IS NOT NULL;

sql [2025-02-24 11:39:32] [DEBUG]: Executing (default): ALTER TABLE `Books` CHANGE `name` `name` VARCHAR(255) NOT NULL;

sql [2025-02-24 11:39:32] [DEBUG]: Executing (default): ALTER TABLE `Books` CHANGE `imgurl` `imgurl` VARCHAR(255);

sql [2025-02-24 11:39:32] [DEBUG]: Executing (default): ALTER TABLE `Books` CHANGE `publishDate` `publishDate` DATETIME NOT NULL;

sql [2025-02-24 11:39:32] [DEBUG]: Executing (default): ALTER TABLE `Books` CHANGE `author` `author` VARCHAR(255) NOT NULL;

sql [2025-02-24 11:39:32] [DEBUG]: Executing (default): ALTER TABLE `Books` CHANGE `createdAt` `createdAt` DATETIME NOT NULL;

sql [2025-02-24 11:39:32] [DEBUG]: Executing (default): ALTER TABLE `Books` CHANGE `updatedAt` `updatedAt` DATETIME NOT NULL;

sql [2025-02-24 11:39:32] [DEBUG]: Executing (default): ALTER TABLE `Books` CHANGE `deletedAt` `deletedAt` DATETIME;

sql [2025-02-24 11:39:32] [DEBUG]: Executing (default): SHOW INDEX FROM `Books`

sql [2025-02-24 11:39:32] [DEBUG]: Executing (default): SELECT TABLE_NAME FROM INFORMATION_SCHEMA.TABLES WHERE TABLE_TYPE = 'BASE TABLE' AND TABLE_NAME = 'Classes' AND TABLE_SCHEMA = 'duyi_myschooldb'

sql [2025-02-24 11:39:32] [DEBUG]: Executing (default): SHOW FULL COLUMNS FROM `Classes`;

sql [2025-02-24 11:39:32] [DEBUG]: Executing (default): SELECT CONSTRAINT_NAME as constraint_name,CONSTRAINT_NAME as constraintName,CONSTRAINT_SCHEMA as constraintSchema,CONSTRAINT_SCHEMA as constraintCatalog,TABLE_NAME as tableName,TABLE_SCHEMA as tableSchema,TABLE_SCHEMA as tableCatalog,COLUMN_NAME as columnName,REFERENCED_TABLE_SCHEMA as referencedTableSchema,REFERENCED_TABLE_SCHEMA as referencedTableCatalog,REFERENCED_TABLE_NAME as referencedTableName,REFERENCED_COLUMN_NAME as referencedColumnName FROM INFORMATION_SCHEMA.KEY_COLUMN_USAGE where TABLE_NAME = 'Classes' AND CONSTRAINT_NAME!='PRIMARY' AND CONSTRAINT_SCHEMA='duyi_myschooldb' AND REFERENCED_TABLE_NAME IS NOT NULL;

sql [2025-02-24 11:39:32] [DEBUG]: Executing (default): ALTER TABLE `Classes` CHANGE `name` `name` VARCHAR(255) NOT NULL;

sql [2025-02-24 11:39:33] [DEBUG]: Executing (default): ALTER TABLE `Classes` CHANGE `openDate` `openDate` VARCHAR(255) NOT NULL;

sql [2025-02-24 11:39:33] [DEBUG]: Executing (default): ALTER TABLE `Classes` CHANGE `createdAt` `createdAt` DATETIME NOT NULL;

sql [2025-02-24 11:39:33] [DEBUG]: Executing (default): ALTER TABLE `Classes` CHANGE `updatedAt` `updatedAt` DATETIME NOT NULL;

sql [2025-02-24 11:39:33] [DEBUG]: Executing (default): ALTER TABLE `Classes` CHANGE `deletedAt` `deletedAt` DATETIME;

sql [2025-02-24 11:39:34] [DEBUG]: Executing (default): SHOW INDEX FROM `Classes`

sql [2025-02-24 11:39:34] [DEBUG]: Executing (default): SELECT TABLE_NAME FROM INFORMATION_SCHEMA.TABLES WHERE TABLE_TYPE = 'BASE TABLE' AND TABLE_NAME = 'Students' AND TABLE_SCHEMA = 'duyi_myschooldb'

sql [2025-02-24 11:39:34] [DEBUG]: Executing (default): SHOW FULL COLUMNS FROM `Students`;

sql [2025-02-24 11:39:34] [DEBUG]: Executing (default): SELECT CONSTRAINT_NAME as constraint_name,CONSTRAINT_NAME as constraintName,CONSTRAINT_SCHEMA as constraintSchema,CONSTRAINT_SCHEMA as constraintCatalog,TABLE_NAME as tableName,TABLE_SCHEMA as tableSchema,TABLE_SCHEMA as tableCatalog,COLUMN_NAME as columnName,REFERENCED_TABLE_SCHEMA as referencedTableSchema,REFERENCED_TABLE_SCHEMA as referencedTableCatalog,REFERENCED_TABLE_NAME as referencedTableName,REFERENCED_COLUMN_NAME as referencedColumnName FROM INFORMATION_SCHEMA.KEY_COLUMN_USAGE where TABLE_NAME = 'Students' AND CONSTRAINT_NAME!='PRIMARY' AND CONSTRAINT_SCHEMA='duyi_myschooldb' AND REFERENCED_TABLE_NAME IS NOT NULL;

sql [2025-02-24 11:39:34] [DEBUG]: Executing (default): ALTER TABLE `Students` CHANGE `name` `name` VARCHAR(255) NOT NULL;

sql [2025-02-24 11:39:34] [DEBUG]: Executing (default): ALTER TABLE `Students` CHANGE `birthday` `birthday` DATETIME NOT NULL;

sql [2025-02-24 11:39:34] [DEBUG]: Executing (default): ALTER TABLE `Students` CHANGE `sex` `sex` TINYINT(1) NOT NULL;

sql [2025-02-24 11:39:34] [DEBUG]: Executing (default): ALTER TABLE `Students` CHANGE `mobile` `mobile` VARCHAR(11) NOT NULL;

sql [2025-02-24 11:39:34] [DEBUG]: Executing (default): ALTER TABLE `Students` CHANGE `createdAt` `createdAt` DATETIME NOT NULL;

sql [2025-02-24 11:39:34] [DEBUG]: Executing (default): ALTER TABLE `Students` CHANGE `updatedAt` `updatedAt` DATETIME NOT NULL;

sql [2025-02-24 11:39:34] [DEBUG]: Executing (default): ALTER TABLE `Students` CHANGE `deletedAt` `deletedAt` DATETIME;

sql [2025-02-24 11:39:34] [DEBUG]: Executing (default): ALTER TABLE `Students` ADD FOREIGN KEY (`ClassId`) REFERENCES `Classes` (`id`) ON DELETE SET NULL ON UPDATE CASCADE;

sql [2025-02-24 11:39:34] [DEBUG]: Executing (default): SHOW INDEX FROM `Students`

sql [2025-02-24 11:39:35] [DEBUG]: Executing (default): SELECT `id`, `name`, `updateTime`, `createdAt`, `updatedAt` FROM `UpdatePrompts` AS `UpdatePrompt` WHERE `UpdatePrompt`.`name` = 'updateApp' LIMIT 1;

sql [2025-02-24 12:03:25] [DEBUG]: Executing (default): SELECT `id`, `name`, `updateTime`, `createdAt`, `updatedAt` FROM `UpdatePrompts` AS `UpdatePrompt` WHERE `UpdatePrompt`.`name` = 'updateApp' LIMIT 1;

sql [2025-02-24 12:03:29] [DEBUG]: Executing (default): SELECT `id`, `name`, `updateTime`, `createdAt`, `updatedAt` FROM `UpdatePrompts` AS `UpdatePrompt` WHERE `UpdatePrompt`.`name` = 'updateApp' LIMIT 1;

sql [2025-02-24 12:03:33] [DEBUG]: Executing (default): SELECT `id`, `name`, `updateTime`, `createdAt`, `updatedAt` FROM `UpdatePrompts` AS `UpdatePrompt` WHERE `UpdatePrompt`.`name` = 'updateApp' LIMIT 1;

sql [2025-02-24 12:03:37] [DEBUG]: Executing (default): SELECT `id`, `name`, `updateTime`, `createdAt`, `updatedAt` FROM `UpdatePrompts` AS `UpdatePrompt` WHERE `UpdatePrompt`.`name` = 'updateApp' LIMIT 1;

sql [2025-02-24 12:03:41] [DEBUG]: Executing (default): SELECT `id`, `name`, `updateTime`, `createdAt`, `updatedAt` FROM `UpdatePrompts` AS `UpdatePrompt` WHERE `UpdatePrompt`.`name` = 'updateApp' LIMIT 1;

sql [2025-02-24 12:03:43] [DEBUG]: Executing (default): SELECT TABLE_NAME FROM INFORMATION_SCHEMA.TABLES WHERE TABLE_TYPE = 'BASE TABLE' AND TABLE_NAME = 'UpdatePrompts' AND TABLE_SCHEMA = 'duyi_myschooldb'

sql [2025-02-24 12:03:43] [DEBUG]: Executing (default): SHOW FULL COLUMNS FROM `UpdatePrompts`;

sql [2025-02-24 12:03:43] [DEBUG]: Executing (default): SELECT CONSTRAINT_NAME as constraint_name,CONSTRAINT_NAME as constraintName,CONSTRAINT_SCHEMA as constraintSchema,CONSTRAINT_SCHEMA as constraintCatalog,TABLE_NAME as tableName,TABLE_SCHEMA as tableSchema,TABLE_SCHEMA as tableCatalog,COLUMN_NAME as columnName,REFERENCED_TABLE_SCHEMA as referencedTableSchema,REFERENCED_TABLE_SCHEMA as referencedTableCatalog,REFERENCED_TABLE_NAME as referencedTableName,REFERENCED_COLUMN_NAME as referencedColumnName FROM INFORMATION_SCHEMA.KEY_COLUMN_USAGE where TABLE_NAME = 'UpdatePrompts' AND CONSTRAINT_NAME!='PRIMARY' AND CONSTRAINT_SCHEMA='duyi_myschooldb' AND REFERENCED_TABLE_NAME IS NOT NULL;

sql [2025-02-24 12:03:43] [DEBUG]: Executing (default): ALTER TABLE `UpdatePrompts` CHANGE `name` `name` VARCHAR(255) NOT NULL;

sql [2025-02-24 12:03:43] [DEBUG]: Executing (default): ALTER TABLE `UpdatePrompts` CHANGE `updateTime` `updateTime` VARCHAR(255) NOT NULL;

sql [2025-02-24 12:03:43] [DEBUG]: Executing (default): ALTER TABLE `UpdatePrompts` CHANGE `createdAt` `createdAt` DATETIME NOT NULL;

sql [2025-02-24 12:03:43] [DEBUG]: Executing (default): ALTER TABLE `UpdatePrompts` CHANGE `updatedAt` `updatedAt` DATETIME NOT NULL;

sql [2025-02-24 12:03:43] [DEBUG]: Executing (default): SHOW INDEX FROM `UpdatePrompts`

sql [2025-02-24 12:03:43] [DEBUG]: Executing (default): SELECT TABLE_NAME FROM INFORMATION_SCHEMA.TABLES WHERE TABLE_TYPE = 'BASE TABLE' AND TABLE_NAME = 'Admins' AND TABLE_SCHEMA = 'duyi_myschooldb'

sql [2025-02-24 12:03:43] [DEBUG]: Executing (default): SHOW FULL COLUMNS FROM `Admins`;

sql [2025-02-24 12:03:43] [DEBUG]: Executing (default): SELECT CONSTRAINT_NAME as constraint_name,CONSTRAINT_NAME as constraintName,CONSTRAINT_SCHEMA as constraintSchema,CONSTRAINT_SCHEMA as constraintCatalog,TABLE_NAME as tableName,TABLE_SCHEMA as tableSchema,TABLE_SCHEMA as tableCatalog,COLUMN_NAME as columnName,REFERENCED_TABLE_SCHEMA as referencedTableSchema,REFERENCED_TABLE_SCHEMA as referencedTableCatalog,REFERENCED_TABLE_NAME as referencedTableName,REFERENCED_COLUMN_NAME as referencedColumnName FROM INFORMATION_SCHEMA.KEY_COLUMN_USAGE where TABLE_NAME = 'Admins' AND CONSTRAINT_NAME!='PRIMARY' AND CONSTRAINT_SCHEMA='duyi_myschooldb' AND REFERENCED_TABLE_NAME IS NOT NULL;

sql [2025-02-24 12:03:43] [DEBUG]: Executing (default): ALTER TABLE `Admins` CHANGE `loginId` `loginId` VARCHAR(255) NOT NULL;

sql [2025-02-24 12:03:43] [DEBUG]: Executing (default): ALTER TABLE `Admins` CHANGE `loginPwd` `loginPwd` VARCHAR(255) NOT NULL;

sql [2025-02-24 12:03:43] [DEBUG]: Executing (default): ALTER TABLE `Admins` CHANGE `name` `name` VARCHAR(255) NOT NULL;

sql [2025-02-24 12:03:43] [DEBUG]: Executing (default): ALTER TABLE `Admins` CHANGE `createdAt` `createdAt` DATETIME NOT NULL;

sql [2025-02-24 12:03:43] [DEBUG]: Executing (default): ALTER TABLE `Admins` CHANGE `updatedAt` `updatedAt` DATETIME NOT NULL;

sql [2025-02-24 12:03:43] [DEBUG]: Executing (default): ALTER TABLE `Admins` CHANGE `deletedAt` `deletedAt` DATETIME;

sql [2025-02-24 12:03:43] [DEBUG]: Executing (default): SHOW INDEX FROM `Admins`

sql [2025-02-24 12:03:43] [DEBUG]: Executing (default): SELECT TABLE_NAME FROM INFORMATION_SCHEMA.TABLES WHERE TABLE_TYPE = 'BASE TABLE' AND TABLE_NAME = 'Books' AND TABLE_SCHEMA = 'duyi_myschooldb'

sql [2025-02-24 12:03:43] [DEBUG]: Executing (default): SHOW FULL COLUMNS FROM `Books`;

sql [2025-02-24 12:03:43] [DEBUG]: Executing (default): SELECT CONSTRAINT_NAME as constraint_name,CONSTRAINT_NAME as constraintName,CONSTRAINT_SCHEMA as constraintSchema,CONSTRAINT_SCHEMA as constraintCatalog,TABLE_NAME as tableName,TABLE_SCHEMA as tableSchema,TABLE_SCHEMA as tableCatalog,COLUMN_NAME as columnName,REFERENCED_TABLE_SCHEMA as referencedTableSchema,REFERENCED_TABLE_SCHEMA as referencedTableCatalog,REFERENCED_TABLE_NAME as referencedTableName,REFERENCED_COLUMN_NAME as referencedColumnName FROM INFORMATION_SCHEMA.KEY_COLUMN_USAGE where TABLE_NAME = 'Books' AND CONSTRAINT_NAME!='PRIMARY' AND CONSTRAINT_SCHEMA='duyi_myschooldb' AND REFERENCED_TABLE_NAME IS NOT NULL;

sql [2025-02-24 12:03:43] [DEBUG]: Executing (default): ALTER TABLE `Books` CHANGE `name` `name` VARCHAR(255) NOT NULL;

sql [2025-02-24 12:03:43] [DEBUG]: Executing (default): ALTER TABLE `Books` CHANGE `imgurl` `imgurl` VARCHAR(255);

sql [2025-02-24 12:03:43] [DEBUG]: Executing (default): ALTER TABLE `Books` CHANGE `publishDate` `publishDate` DATETIME NOT NULL;

sql [2025-02-24 12:03:43] [DEBUG]: Executing (default): ALTER TABLE `Books` CHANGE `author` `author` VARCHAR(255) NOT NULL;

sql [2025-02-24 12:03:43] [DEBUG]: Executing (default): ALTER TABLE `Books` CHANGE `createdAt` `createdAt` DATETIME NOT NULL;

sql [2025-02-24 12:03:43] [DEBUG]: Executing (default): ALTER TABLE `Books` CHANGE `updatedAt` `updatedAt` DATETIME NOT NULL;

sql [2025-02-24 12:03:43] [DEBUG]: Executing (default): ALTER TABLE `Books` CHANGE `deletedAt` `deletedAt` DATETIME;

sql [2025-02-24 12:03:43] [DEBUG]: Executing (default): SHOW INDEX FROM `Books`

sql [2025-02-24 12:03:43] [DEBUG]: Executing (default): SELECT TABLE_NAME FROM INFORMATION_SCHEMA.TABLES WHERE TABLE_TYPE = 'BASE TABLE' AND TABLE_NAME = 'Classes' AND TABLE_SCHEMA = 'duyi_myschooldb'

sql [2025-02-24 12:03:43] [DEBUG]: Executing (default): SHOW FULL COLUMNS FROM `Classes`;

sql [2025-02-24 12:03:43] [DEBUG]: Executing (default): SELECT CONSTRAINT_NAME as constraint_name,CONSTRAINT_NAME as constraintName,CONSTRAINT_SCHEMA as constraintSchema,CONSTRAINT_SCHEMA as constraintCatalog,TABLE_NAME as tableName,TABLE_SCHEMA as tableSchema,TABLE_SCHEMA as tableCatalog,COLUMN_NAME as columnName,REFERENCED_TABLE_SCHEMA as referencedTableSchema,REFERENCED_TABLE_SCHEMA as referencedTableCatalog,REFERENCED_TABLE_NAME as referencedTableName,REFERENCED_COLUMN_NAME as referencedColumnName FROM INFORMATION_SCHEMA.KEY_COLUMN_USAGE where TABLE_NAME = 'Classes' AND CONSTRAINT_NAME!='PRIMARY' AND CONSTRAINT_SCHEMA='duyi_myschooldb' AND REFERENCED_TABLE_NAME IS NOT NULL;

sql [2025-02-24 12:03:43] [DEBUG]: Executing (default): ALTER TABLE `Classes` CHANGE `name` `name` VARCHAR(255) NOT NULL;

sql [2025-02-24 12:03:45] [DEBUG]: Executing (default): ALTER TABLE `Classes` CHANGE `openDate` `openDate` VARCHAR(255) NOT NULL;

sql [2025-02-24 12:03:45] [DEBUG]: Executing (default): ALTER TABLE `Classes` CHANGE `createdAt` `createdAt` DATETIME NOT NULL;

sql [2025-02-24 12:03:45] [DEBUG]: Executing (default): ALTER TABLE `Classes` CHANGE `updatedAt` `updatedAt` DATETIME NOT NULL;

sql [2025-02-24 12:03:45] [DEBUG]: Executing (default): SELECT `id`, `name`, `updateTime`, `createdAt`, `updatedAt` FROM `UpdatePrompts` AS `UpdatePrompt` WHERE `UpdatePrompt`.`name` = 'updateApp' LIMIT 1;

sql [2025-02-24 12:03:45] [DEBUG]: Executing (default): ALTER TABLE `Classes` CHANGE `deletedAt` `deletedAt` DATETIME;

sql [2025-02-24 12:03:46] [DEBUG]: Executing (default): SHOW INDEX FROM `Classes`

sql [2025-02-24 12:03:46] [DEBUG]: Executing (default): SELECT TABLE_NAME FROM INFORMATION_SCHEMA.TABLES WHERE TABLE_TYPE = 'BASE TABLE' AND TABLE_NAME = 'Students' AND TABLE_SCHEMA = 'duyi_myschooldb'

sql [2025-02-24 12:03:46] [DEBUG]: Executing (default): SHOW FULL COLUMNS FROM `Students`;

sql [2025-02-24 12:03:46] [DEBUG]: Executing (default): SELECT CONSTRAINT_NAME as constraint_name,CONSTRAINT_NAME as constraintName,CONSTRAINT_SCHEMA as constraintSchema,CONSTRAINT_SCHEMA as constraintCatalog,TABLE_NAME as tableName,TABLE_SCHEMA as tableSchema,TABLE_SCHEMA as tableCatalog,COLUMN_NAME as columnName,REFERENCED_TABLE_SCHEMA as referencedTableSchema,REFERENCED_TABLE_SCHEMA as referencedTableCatalog,REFERENCED_TABLE_NAME as referencedTableName,REFERENCED_COLUMN_NAME as referencedColumnName FROM INFORMATION_SCHEMA.KEY_COLUMN_USAGE where TABLE_NAME = 'Students' AND CONSTRAINT_NAME!='PRIMARY' AND CONSTRAINT_SCHEMA='duyi_myschooldb' AND REFERENCED_TABLE_NAME IS NOT NULL;

sql [2025-02-24 12:03:46] [DEBUG]: Executing (default): ALTER TABLE `Students` CHANGE `name` `name` VARCHAR(255) NOT NULL;

sql [2025-02-24 12:03:46] [DEBUG]: Executing (default): ALTER TABLE `Students` CHANGE `birthday` `birthday` DATETIME NOT NULL;

sql [2025-02-24 12:03:46] [DEBUG]: Executing (default): ALTER TABLE `Students` CHANGE `sex` `sex` TINYINT(1) NOT NULL;

sql [2025-02-24 12:03:46] [DEBUG]: Executing (default): ALTER TABLE `Students` CHANGE `mobile` `mobile` VARCHAR(11) NOT NULL;

sql [2025-02-24 12:03:46] [DEBUG]: Executing (default): ALTER TABLE `Students` CHANGE `createdAt` `createdAt` DATETIME NOT NULL;

sql [2025-02-24 12:03:46] [DEBUG]: Executing (default): ALTER TABLE `Students` CHANGE `updatedAt` `updatedAt` DATETIME NOT NULL;

sql [2025-02-24 12:03:46] [DEBUG]: Executing (default): ALTER TABLE `Students` CHANGE `deletedAt` `deletedAt` DATETIME;

sql [2025-02-24 12:03:46] [DEBUG]: Executing (default): ALTER TABLE `Students` ADD FOREIGN KEY (`ClassId`) REFERENCES `Classes` (`id`) ON DELETE SET NULL ON UPDATE CASCADE;

sql [2025-02-24 12:03:46] [DEBUG]: Executing (default): SHOW INDEX FROM `Students`

sql [2025-02-24 12:06:06] [DEBUG]: Executing (default): SELECT TABLE_NAME FROM INFORMATION_SCHEMA.TABLES WHERE TABLE_TYPE = 'BASE TABLE' AND TABLE_NAME = 'UpdatePrompts' AND TABLE_SCHEMA = 'duyi_myschooldb'

sql [2025-02-24 12:06:06] [DEBUG]: Executing (default): SHOW FULL COLUMNS FROM `UpdatePrompts`;

sql [2025-02-24 12:06:06] [DEBUG]: Executing (default): SELECT CONSTRAINT_NAME as constraint_name,CONSTRAINT_NAME as constraintName,CONSTRAINT_SCHEMA as constraintSchema,CONSTRAINT_SCHEMA as constraintCatalog,TABLE_NAME as tableName,TABLE_SCHEMA as tableSchema,TABLE_SCHEMA as tableCatalog,COLUMN_NAME as columnName,REFERENCED_TABLE_SCHEMA as referencedTableSchema,REFERENCED_TABLE_SCHEMA as referencedTableCatalog,REFERENCED_TABLE_NAME as referencedTableName,REFERENCED_COLUMN_NAME as referencedColumnName FROM INFORMATION_SCHEMA.KEY_COLUMN_USAGE where TABLE_NAME = 'UpdatePrompts' AND CONSTRAINT_NAME!='PRIMARY' AND CONSTRAINT_SCHEMA='duyi_myschooldb' AND REFERENCED_TABLE_NAME IS NOT NULL;

sql [2025-02-24 12:06:06] [DEBUG]: Executing (default): ALTER TABLE `UpdatePrompts` CHANGE `name` `name` VARCHAR(255) NOT NULL;

sql [2025-02-24 12:06:06] [DEBUG]: Executing (default): ALTER TABLE `UpdatePrompts` CHANGE `updateTime` `updateTime` VARCHAR(255) NOT NULL;

sql [2025-02-24 12:06:06] [DEBUG]: Executing (default): ALTER TABLE `UpdatePrompts` CHANGE `createdAt` `createdAt` DATETIME NOT NULL;

sql [2025-02-24 12:06:06] [DEBUG]: Executing (default): ALTER TABLE `UpdatePrompts` CHANGE `updatedAt` `updatedAt` DATETIME NOT NULL;

sql [2025-02-24 12:06:06] [DEBUG]: Executing (default): SHOW INDEX FROM `UpdatePrompts`

sql [2025-02-24 12:06:06] [DEBUG]: Executing (default): SELECT TABLE_NAME FROM INFORMATION_SCHEMA.TABLES WHERE TABLE_TYPE = 'BASE TABLE' AND TABLE_NAME = 'Admins' AND TABLE_SCHEMA = 'duyi_myschooldb'

sql [2025-02-24 12:06:06] [DEBUG]: Executing (default): SHOW FULL COLUMNS FROM `Admins`;

sql [2025-02-24 12:06:06] [DEBUG]: Executing (default): SELECT CONSTRAINT_NAME as constraint_name,CONSTRAINT_NAME as constraintName,CONSTRAINT_SCHEMA as constraintSchema,CONSTRAINT_SCHEMA as constraintCatalog,TABLE_NAME as tableName,TABLE_SCHEMA as tableSchema,TABLE_SCHEMA as tableCatalog,COLUMN_NAME as columnName,REFERENCED_TABLE_SCHEMA as referencedTableSchema,REFERENCED_TABLE_SCHEMA as referencedTableCatalog,REFERENCED_TABLE_NAME as referencedTableName,REFERENCED_COLUMN_NAME as referencedColumnName FROM INFORMATION_SCHEMA.KEY_COLUMN_USAGE where TABLE_NAME = 'Admins' AND CONSTRAINT_NAME!='PRIMARY' AND CONSTRAINT_SCHEMA='duyi_myschooldb' AND REFERENCED_TABLE_NAME IS NOT NULL;

sql [2025-02-24 12:06:06] [DEBUG]: Executing (default): ALTER TABLE `Admins` CHANGE `loginId` `loginId` VARCHAR(255) NOT NULL;

sql [2025-02-24 12:06:07] [DEBUG]: Executing (default): ALTER TABLE `Admins` CHANGE `loginPwd` `loginPwd` VARCHAR(255) NOT NULL;

sql [2025-02-24 12:06:07] [DEBUG]: Executing (default): ALTER TABLE `Admins` CHANGE `name` `name` VARCHAR(255) NOT NULL;

sql [2025-02-24 12:06:07] [DEBUG]: Executing (default): ALTER TABLE `Admins` CHANGE `createdAt` `createdAt` DATETIME NOT NULL;

sql [2025-02-24 12:06:07] [DEBUG]: Executing (default): ALTER TABLE `Admins` CHANGE `updatedAt` `updatedAt` DATETIME NOT NULL;

sql [2025-02-24 12:06:07] [DEBUG]: Executing (default): ALTER TABLE `Admins` CHANGE `deletedAt` `deletedAt` DATETIME;

sql [2025-02-24 12:06:07] [DEBUG]: Executing (default): SHOW INDEX FROM `Admins`

sql [2025-02-24 12:06:07] [DEBUG]: Executing (default): SELECT TABLE_NAME FROM INFORMATION_SCHEMA.TABLES WHERE TABLE_TYPE = 'BASE TABLE' AND TABLE_NAME = 'Books' AND TABLE_SCHEMA = 'duyi_myschooldb'

sql [2025-02-24 12:06:07] [DEBUG]: Executing (default): SHOW FULL COLUMNS FROM `Books`;

sql [2025-02-24 12:06:07] [DEBUG]: Executing (default): SELECT CONSTRAINT_NAME as constraint_name,CONSTRAINT_NAME as constraintName,CONSTRAINT_SCHEMA as constraintSchema,CONSTRAINT_SCHEMA as constraintCatalog,TABLE_NAME as tableName,TABLE_SCHEMA as tableSchema,TABLE_SCHEMA as tableCatalog,COLUMN_NAME as columnName,REFERENCED_TABLE_SCHEMA as referencedTableSchema,REFERENCED_TABLE_SCHEMA as referencedTableCatalog,REFERENCED_TABLE_NAME as referencedTableName,REFERENCED_COLUMN_NAME as referencedColumnName FROM INFORMATION_SCHEMA.KEY_COLUMN_USAGE where TABLE_NAME = 'Books' AND CONSTRAINT_NAME!='PRIMARY' AND CONSTRAINT_SCHEMA='duyi_myschooldb' AND REFERENCED_TABLE_NAME IS NOT NULL;

sql [2025-02-24 12:06:07] [DEBUG]: Executing (default): ALTER TABLE `Books` CHANGE `name` `name` VARCHAR(255) NOT NULL;

sql [2025-02-24 12:06:07] [DEBUG]: Executing (default): ALTER TABLE `Books` CHANGE `imgurl` `imgurl` VARCHAR(255);

sql [2025-02-24 12:06:07] [DEBUG]: Executing (default): ALTER TABLE `Books` CHANGE `publishDate` `publishDate` DATETIME NOT NULL;

sql [2025-02-24 12:06:07] [DEBUG]: Executing (default): ALTER TABLE `Books` CHANGE `author` `author` VARCHAR(255) NOT NULL;

sql [2025-02-24 12:06:07] [DEBUG]: Executing (default): ALTER TABLE `Books` CHANGE `createdAt` `createdAt` DATETIME NOT NULL;

sql [2025-02-24 12:06:07] [DEBUG]: Executing (default): ALTER TABLE `Books` CHANGE `updatedAt` `updatedAt` DATETIME NOT NULL;

sql [2025-02-24 12:06:07] [DEBUG]: Executing (default): ALTER TABLE `Books` CHANGE `deletedAt` `deletedAt` DATETIME;

sql [2025-02-24 12:06:07] [DEBUG]: Executing (default): SHOW INDEX FROM `Books`

sql [2025-02-24 12:06:07] [DEBUG]: Executing (default): SELECT TABLE_NAME FROM INFORMATION_SCHEMA.TABLES WHERE TABLE_TYPE = 'BASE TABLE' AND TABLE_NAME = 'Classes' AND TABLE_SCHEMA = 'duyi_myschooldb'

sql [2025-02-24 12:06:07] [DEBUG]: Executing (default): SHOW FULL COLUMNS FROM `Classes`;

sql [2025-02-24 12:06:07] [DEBUG]: Executing (default): SELECT CONSTRAINT_NAME as constraint_name,CONSTRAINT_NAME as constraintName,CONSTRAINT_SCHEMA as constraintSchema,CONSTRAINT_SCHEMA as constraintCatalog,TABLE_NAME as tableName,TABLE_SCHEMA as tableSchema,TABLE_SCHEMA as tableCatalog,COLUMN_NAME as columnName,REFERENCED_TABLE_SCHEMA as referencedTableSchema,REFERENCED_TABLE_SCHEMA as referencedTableCatalog,REFERENCED_TABLE_NAME as referencedTableName,REFERENCED_COLUMN_NAME as referencedColumnName FROM INFORMATION_SCHEMA.KEY_COLUMN_USAGE where TABLE_NAME = 'Classes' AND CONSTRAINT_NAME!='PRIMARY' AND CONSTRAINT_SCHEMA='duyi_myschooldb' AND REFERENCED_TABLE_NAME IS NOT NULL;

sql [2025-02-24 12:06:07] [DEBUG]: Executing (default): ALTER TABLE `Classes` CHANGE `name` `name` VARCHAR(255) NOT NULL;

sql [2025-02-24 12:06:07] [DEBUG]: Executing (default): ALTER TABLE `Classes` CHANGE `openDate` `openDate` VARCHAR(255) NOT NULL;

sql [2025-02-24 12:06:07] [DEBUG]: Executing (default): ALTER TABLE `Classes` CHANGE `createdAt` `createdAt` DATETIME NOT NULL;

sql [2025-02-24 12:06:07] [DEBUG]: Executing (default): ALTER TABLE `Classes` CHANGE `updatedAt` `updatedAt` DATETIME NOT NULL;

sql [2025-02-24 12:06:07] [DEBUG]: Executing (default): ALTER TABLE `Classes` CHANGE `deletedAt` `deletedAt` DATETIME;

sql [2025-02-24 12:06:08] [DEBUG]: Executing (default): SHOW INDEX FROM `Classes`

sql [2025-02-24 12:06:08] [DEBUG]: Executing (default): SELECT TABLE_NAME FROM INFORMATION_SCHEMA.TABLES WHERE TABLE_TYPE = 'BASE TABLE' AND TABLE_NAME = 'Students' AND TABLE_SCHEMA = 'duyi_myschooldb'

sql [2025-02-24 12:06:08] [DEBUG]: Executing (default): SHOW FULL COLUMNS FROM `Students`;

sql [2025-02-24 12:06:08] [DEBUG]: Executing (default): SELECT CONSTRAINT_NAME as constraint_name,CONSTRAINT_NAME as constraintName,CONSTRAINT_SCHEMA as constraintSchema,CONSTRAINT_SCHEMA as constraintCatalog,TABLE_NAME as tableName,TABLE_SCHEMA as tableSchema,TABLE_SCHEMA as tableCatalog,COLUMN_NAME as columnName,REFERENCED_TABLE_SCHEMA as referencedTableSchema,REFERENCED_TABLE_SCHEMA as referencedTableCatalog,REFERENCED_TABLE_NAME as referencedTableName,REFERENCED_COLUMN_NAME as referencedColumnName FROM INFORMATION_SCHEMA.KEY_COLUMN_USAGE where TABLE_NAME = 'Students' AND CONSTRAINT_NAME!='PRIMARY' AND CONSTRAINT_SCHEMA='duyi_myschooldb' AND REFERENCED_TABLE_NAME IS NOT NULL;

sql [2025-02-24 12:06:08] [DEBUG]: Executing (default): ALTER TABLE `Students` CHANGE `name` `name` VARCHAR(255) NOT NULL;

sql [2025-02-24 12:06:08] [DEBUG]: Executing (default): ALTER TABLE `Students` CHANGE `birthday` `birthday` DATETIME NOT NULL;

sql [2025-02-24 12:06:08] [DEBUG]: Executing (default): ALTER TABLE `Students` CHANGE `sex` `sex` TINYINT(1) NOT NULL;

sql [2025-02-24 12:06:08] [DEBUG]: Executing (default): ALTER TABLE `Students` CHANGE `mobile` `mobile` VARCHAR(11) NOT NULL;

sql [2025-02-24 12:06:08] [DEBUG]: Executing (default): ALTER TABLE `Students` CHANGE `createdAt` `createdAt` DATETIME NOT NULL;

sql [2025-02-24 12:06:08] [DEBUG]: Executing (default): ALTER TABLE `Students` CHANGE `updatedAt` `updatedAt` DATETIME NOT NULL;

sql [2025-02-24 12:06:08] [DEBUG]: Executing (default): ALTER TABLE `Students` CHANGE `deletedAt` `deletedAt` DATETIME;

sql [2025-02-24 12:06:08] [DEBUG]: Executing (default): ALTER TABLE `Students` ADD FOREIGN KEY (`ClassId`) REFERENCES `Classes` (`id`) ON DELETE SET NULL ON UPDATE CASCADE;

sql [2025-02-24 12:06:08] [DEBUG]: Executing (default): SHOW INDEX FROM `Students`

sql [2025-02-24 12:06:09] [DEBUG]: Executing (default): SELECT `id`, `name`, `updateTime`, `createdAt`, `updatedAt` FROM `UpdatePrompts` AS `UpdatePrompt` WHERE `UpdatePrompt`.`name` = 'updateApp' LIMIT 1;

